<?xml version="1.0" encoding="UTF-8"?>
<testsuite name="com.practice_day2.huyu.HuyuApplicationTests" time="0.202" tests="1" errors="1" skipped="0" failures="0">
  <properties>
[...]
</properties>
  <testcase name="contextLoads" classname="com.practice_day2.huyu.HuyuApplicationTests" time="0.202">
    <error message="Failed to load ApplicationContext" type="java.lang.IllegalStateException">java.lang.IllegalStateException: Failed to load ApplicationContext
	at org.springframework.test.context.cache.DefaultCacheAwareContextLoaderDelegate.loadContext(DefaultCacheAwareContextLoaderDelegate.java:124)
	at org.springframework.test.context.support.DefaultTestContext.getApplicationContext(DefaultTestContext.java:83)
	at org.springframework.test.context.web.ServletTestExecutionListener.setUpRequestContextIfNecessary(ServletTestExecutionListener.java:189)
	at org.springframework.test.context.web.ServletTestExecutionListener.prepareTestInstance(ServletTestExecutionListener.java:131)
	at org.springframework.test.context.TestContextManager.prepareTestInstance(TestContextManager.java:230)
	at org.springframework.test.context.junit4.SpringJUnit4ClassRunner.createTest(SpringJUnit4ClassRunner.java:228)
	at org.springframework.test.context.junit4.SpringJUnit4ClassRunner$1.runReflectiveCall(SpringJUnit4ClassRunner.java:287)
	at org.junit.internal.runners.model.ReflectiveCallable.run(ReflectiveCallable.java:12)
	at org.springframework.test.context.junit4.SpringJUnit4ClassRunner.methodBlock(SpringJUnit4ClassRunner.java:289)
	at org.springframework.test.context.junit4.SpringJUnit4ClassRunner.runChild(SpringJUnit4ClassRunner.java:247)
	at org.springframework.test.context.junit4.SpringJUnit4ClassRunner.runChild(SpringJUnit4ClassRunner.java:94)
	at org.junit.runners.ParentRunner$3.run(ParentRunner.java:290)
	at org.junit.runners.ParentRunner$1.schedule(ParentRunner.java:71)
	at org.junit.runners.ParentRunner.runChildren(ParentRunner.java:288)
	at org.junit.runners.ParentRunner.access$000(ParentRunner.java:58)
	at org.junit.runners.ParentRunner$2.evaluate(ParentRunner.java:268)
	at org.springframework.test.context.junit4.statements.RunBeforeTestClassCallbacks.evaluate(RunBeforeTestClassCallbacks.java:61)
	at org.springframework.test.context.junit4.statements.RunAfterTestClassCallbacks.evaluate(RunAfterTestClassCallbacks.java:70)
	at org.junit.runners.ParentRunner.run(ParentRunner.java:363)
	at org.springframework.test.context.junit4.SpringJUnit4ClassRunner.run(SpringJUnit4ClassRunner.java:191)
	at org.apache.maven.surefire.junit4.JUnit4Provider.execute(JUnit4Provider.java:283)
	at org.apache.maven.surefire.junit4.JUnit4Provider.executeWithRerun(JUnit4Provider.java:173)
	at org.apache.maven.surefire.junit4.JUnit4Provider.executeTestSet(JUnit4Provider.java:153)
	at org.apache.maven.surefire.junit4.JUnit4Provider.invoke(JUnit4Provider.java:128)
	at org.apache.maven.surefire.booter.ForkedBooter.invokeProviderInSameClassLoader(ForkedBooter.java:203)
	at org.apache.maven.surefire.booter.ForkedBooter.runSuitesInProcess(ForkedBooter.java:155)
	at org.apache.maven.surefire.booter.ForkedBooter.main(ForkedBooter.java:103)
Caused by: org.springframework.beans.factory.UnsatisfiedDependencyException: Error creating bean with name 'userController': Unsatisfied dependency expressed through field 'userService'; nested exception is org.springframework.beans.factory.NoSuchBeanDefinitionException: No qualifying bean of type 'com.practice_day2.huyu.service.UserService' available: expected at least 1 bean which qualifies as autowire candidate. Dependency annotations: {@org.springframework.beans.factory.annotation.Autowired(required=true)}
	at org.springframework.beans.factory.annotation.AutowiredAnnotationBeanPostProcessor$AutowiredFieldElement.inject(AutowiredAnnotationBeanPostProcessor.java:586)
	at org.springframework.beans.factory.annotation.InjectionMetadata.inject(InjectionMetadata.java:87)
	at org.springframework.beans.factory.annotation.AutowiredAnnotationBeanPostProcessor.postProcessPropertyValues(AutowiredAnnotationBeanPostProcessor.java:364)
	at org.springframework.beans.factory.support.AbstractAutowireCapableBeanFactory.populateBean(AbstractAutowireCapableBeanFactory.java:1269)
	at org.springframework.beans.factory.support.AbstractAutowireCapableBeanFactory.doCreateBean(AbstractAutowireCapableBeanFactory.java:551)
	at org.springframework.beans.factory.support.AbstractAutowireCapableBeanFactory.createBean(AbstractAutowireCapableBeanFactory.java:481)
	at org.springframework.beans.factory.support.AbstractBeanFactory$1.getObject(AbstractBeanFactory.java:312)
	at org.springframework.beans.factory.support.DefaultSingletonBeanRegistry.getSingleton(DefaultSingletonBeanRegistry.java:230)
	at org.springframework.beans.factory.support.AbstractBeanFactory.doGetBean(AbstractBeanFactory.java:308)
	at org.springframework.beans.factory.support.AbstractBeanFactory.getBean(AbstractBeanFactory.java:197)
	at org.springframework.beans.factory.support.DefaultListableBeanFactory.preInstantiateSingletons(DefaultListableBeanFactory.java:761)
	at org.springframework.context.support.AbstractApplicationContext.finishBeanFactoryInitialization(AbstractApplicationContext.java:867)
	at org.springframework.context.support.AbstractApplicationContext.refresh(AbstractApplicationContext.java:543)
	at org.springframework.boot.SpringApplication.refresh(SpringApplication.java:693)
	at org.springframework.boot.SpringApplication.refreshContext(SpringApplication.java:360)
	at org.springframework.boot.SpringApplication.run(SpringApplication.java:303)
	at org.springframework.boot.test.context.SpringBootContextLoader.loadContext(SpringBootContextLoader.java:121)
	at org.springframework.test.context.cache.DefaultCacheAwareContextLoaderDelegate.loadContextInternal(DefaultCacheAwareContextLoaderDelegate.java:98)
	at org.springframework.test.context.cache.DefaultCacheAwareContextLoaderDelegate.loadContext(DefaultCacheAwareContextLoaderDelegate.java:116)
	at org.springframework.test.context.support.DefaultTestContext.getApplicationContext(DefaultTestContext.java:83)
	at org.springframework.test.context.web.ServletTestExecutionListener.setUpRequestContextIfNecessary(ServletTestExecutionListener.java:189)
	at org.springframework.test.context.web.ServletTestExecutionListener.prepareTestInstance(ServletTestExecutionListener.java:131)
	at org.springframework.test.context.TestContextManager.prepareTestInstance(TestContextManager.java:230)
	at org.springframework.test.context.junit4.SpringJUnit4ClassRunner.createTest(SpringJUnit4ClassRunner.java:228)
	at org.springframework.test.context.junit4.SpringJUnit4ClassRunner$1.runReflectiveCall(SpringJUnit4ClassRunner.java:287)
	at org.junit.internal.runners.model.ReflectiveCallable.run(ReflectiveCallable.java:12)
	at org.springframework.test.context.junit4.SpringJUnit4ClassRunner.methodBlock(SpringJUnit4ClassRunner.java:289)
	at org.springframework.test.context.junit4.SpringJUnit4ClassRunner.runChild(SpringJUnit4ClassRunner.java:247)
	at org.springframework.test.context.junit4.SpringJUnit4ClassRunner.runChild(SpringJUnit4ClassRunner.java:94)
	at org.junit.runners.ParentRunner$3.run(ParentRunner.java:290)
	at org.junit.runners.ParentRunner$1.schedule(ParentRunner.java:71)
	at org.junit.runners.ParentRunner.runChildren(ParentRunner.java:288)
	at org.junit.runners.ParentRunner.access$000(ParentRunner.java:58)
	at org.junit.runners.ParentRunner$2.evaluate(ParentRunner.java:268)
	at org.springframework.test.context.junit4.statements.RunBeforeTestClassCallbacks.evaluate(RunBeforeTestClassCallbacks.java:61)
	at org.springframework.test.context.junit4.statements.RunAfterTestClassCallbacks.evaluate(RunAfterTestClassCallbacks.java:70)
	at org.junit.runners.ParentRunner.run(ParentRunner.java:363)
	at org.springframework.test.context.junit4.SpringJUnit4ClassRunner.run(SpringJUnit4ClassRunner.java:191)
	at org.apache.maven.surefire.junit4.JUnit4Provider.execute(JUnit4Provider.java:283)
	at org.apache.maven.surefire.junit4.JUnit4Provider.executeWithRerun(JUnit4Provider.java:173)
	at org.apache.maven.surefire.junit4.JUnit4Provider.executeTestSet(JUnit4Provider.java:153)
	at org.apache.maven.surefire.junit4.JUnit4Provider.invoke(JUnit4Provider.java:128)
	at org.apache.maven.surefire.booter.ForkedBooter.invokeProviderInSameClassLoader(ForkedBooter.java:203)
	at org.apache.maven.surefire.booter.ForkedBooter.runSuitesInProcess(ForkedBooter.java:155)
	at org.apache.maven.surefire.booter.ForkedBooter.main(ForkedBooter.java:103)
Caused by: org.springframework.beans.factory.NoSuchBeanDefinitionException: No qualifying bean of type 'com.practice_day2.huyu.service.UserService' available: expected at least 1 bean which qualifies as autowire candidate. Dependency annotations: {@org.springframework.beans.factory.annotation.Autowired(required=true)}
	at org.springframework.beans.factory.support.DefaultListableBeanFactory.raiseNoMatchingBeanFound(DefaultListableBeanFactory.java:1491)
	at org.springframework.beans.factory.support.DefaultListableBeanFactory.doResolveDependency(DefaultListableBeanFactory.java:1102)
	at org.springframework.beans.factory.support.DefaultListableBeanFactory.resolveDependency(DefaultListableBeanFactory.java:1064)
	at org.springframework.beans.factory.annotation.AutowiredAnnotationBeanPostProcessor$AutowiredFieldElement.inject(AutowiredAnnotationBeanPostProcessor.java:583)
	at org.springframework.beans.factory.annotation.InjectionMetadata.inject(InjectionMetadata.java:87)
	at org.springframework.beans.factory.annotation.AutowiredAnnotationBeanPostProcessor.postProcessPropertyValues(AutowiredAnnotationBeanPostProcessor.java:364)
	at org.springframework.beans.factory.support.AbstractAutowireCapableBeanFactory.populateBean(AbstractAutowireCapableBeanFactory.java:1269)
	at org.springframework.beans.factory.support.AbstractAutowireCapableBeanFactory.doCreateBean(AbstractAutowireCapableBeanFactory.java:551)
	at org.springframework.beans.factory.support.AbstractAutowireCapableBeanFactory.createBean(AbstractAutowireCapableBeanFactory.java:481)
	at org.springframework.beans.factory.support.AbstractBeanFactory$1.getObject(AbstractBeanFactory.java:312)
	at org.springframework.beans.factory.support.DefaultSingletonBeanRegistry.getSingleton(DefaultSingletonBeanRegistry.java:230)
	at org.springframework.beans.factory.support.AbstractBeanFactory.doGetBean(AbstractBeanFactory.java:308)
	at org.springframework.beans.factory.support.AbstractBeanFactory.getBean(AbstractBeanFactory.java:197)
	at org.springframework.beans.factory.support.DefaultListableBeanFactory.preInstantiateSingletons(DefaultListableBeanFactory.java:761)
	at org.springframework.context.support.AbstractApplicationContext.finishBeanFactoryInitialization(AbstractApplicationContext.java:867)
	at org.springframework.context.support.AbstractApplicationContext.refresh(AbstractApplicationContext.java:543)
	at org.springframework.boot.SpringApplication.refresh(SpringApplication.java:693)
	at org.springframework.boot.SpringApplication.refreshContext(SpringApplication.java:360)
	at org.springframework.boot.SpringApplication.run(SpringApplication.java:303)
	at org.springframework.boot.test.context.SpringBootContextLoader.loadContext(SpringBootContextLoader.java:121)
	at org.springframework.test.context.cache.DefaultCacheAwareContextLoaderDelegate.loadContextInternal(DefaultCacheAwareContextLoaderDelegate.java:98)
	at org.springframework.test.context.cache.DefaultCacheAwareContextLoaderDelegate.loadContext(DefaultCacheAwareContextLoaderDelegate.java:116)
	at org.springframework.test.context.support.DefaultTestContext.getApplicationContext(DefaultTestContext.java:83)
	at org.springframework.test.context.web.ServletTestExecutionListener.setUpRequestContextIfNecessary(ServletTestExecutionListener.java:189)
	at org.springframework.test.context.web.ServletTestExecutionListener.prepareTestInstance(ServletTestExecutionListener.java:131)
	at org.springframework.test.context.TestContextManager.prepareTestInstance(TestContextManager.java:230)
	at org.springframework.test.context.junit4.SpringJUnit4ClassRunner.createTest(SpringJUnit4ClassRunner.java:228)
	at org.springframework.test.context.junit4.SpringJUnit4ClassRunner$1.runReflectiveCall(SpringJUnit4ClassRunner.java:287)
	at org.junit.internal.runners.model.ReflectiveCallable.run(ReflectiveCallable.java:12)
	at org.springframework.test.context.junit4.SpringJUnit4ClassRunner.methodBlock(SpringJUnit4ClassRunner.java:289)
	at org.springframework.test.context.junit4.SpringJUnit4ClassRunner.runChild(SpringJUnit4ClassRunner.java:247)
	at org.springframework.test.context.junit4.SpringJUnit4ClassRunner.runChild(SpringJUnit4ClassRunner.java:94)
	at org.junit.runners.ParentRunner$3.run(ParentRunner.java:290)
	at org.junit.runners.ParentRunner$1.schedule(ParentRunner.java:71)
	at org.junit.runners.ParentRunner.runChildren(ParentRunner.java:288)
	at org.junit.runners.ParentRunner.access$000(ParentRunner.java:58)
	at org.junit.runners.ParentRunner$2.evaluate(ParentRunner.java:268)
	at org.springframework.test.context.junit4.statements.RunBeforeTestClassCallbacks.evaluate(RunBeforeTestClassCallbacks.java:61)
	at org.springframework.test.context.junit4.statements.RunAfterTestClassCallbacks.evaluate(RunAfterTestClassCallbacks.java:70)
	at org.junit.runners.ParentRunner.run(ParentRunner.java:363)
	at org.springframework.test.context.junit4.SpringJUnit4ClassRunner.run(SpringJUnit4ClassRunner.java:191)
	at org.apache.maven.surefire.junit4.JUnit4Provider.execute(JUnit4Provider.java:283)
	at org.apache.maven.surefire.junit4.JUnit4Provider.executeWithRerun(JUnit4Provider.java:173)
	at org.apache.maven.surefire.junit4.JUnit4Provider.executeTestSet(JUnit4Provider.java:153)
	at org.apache.maven.surefire.junit4.JUnit4Provider.invoke(JUnit4Provider.java:128)
	at org.apache.maven.surefire.booter.ForkedBooter.invokeProviderInSameClassLoader(ForkedBooter.java:203)
	at org.apache.maven.surefire.booter.ForkedBooter.runSuitesInProcess(ForkedBooter.java:155)
	at org.apache.maven.surefire.booter.ForkedBooter.main(ForkedBooter.java:103)
</error>
    <system-out><![CDATA[18:25:46.538 [main] DEBUG org.springframework.test.context.junit4.SpringJUnit4ClassRunner - SpringJUnit4ClassRunner constructor called with [class com.practice_day2.huyu.HuyuApplicationTests]
18:25:46.672 [main] DEBUG org.springframework.test.context.BootstrapUtils - Instantiating CacheAwareContextLoaderDelegate from class [org.springframework.test.context.cache.DefaultCacheAwareContextLoaderDelegate]
18:25:46.888 [main] DEBUG org.springframework.test.context.BootstrapUtils - Instantiating BootstrapContext using constructor [public org.springframework.test.context.support.DefaultBootstrapContext(java.lang.Class,org.springframework.test.context.CacheAwareContextLoaderDelegate)]
18:25:46.954 [main] DEBUG org.springframework.test.context.BootstrapUtils - Instantiating TestContextBootstrapper for test class [com.practice_day2.huyu.HuyuApplicationTests] from class [org.springframework.boot.test.context.SpringBootTestContextBootstrapper]
18:25:47.314 [main] INFO org.springframework.boot.test.context.SpringBootTestContextBootstrapper - Neither @ContextConfiguration nor @ContextHierarchy found for test class [com.practice_day2.huyu.HuyuApplicationTests], using SpringBootContextLoader
18:25:47.319 [main] DEBUG org.springframework.test.context.support.AbstractContextLoader - Did not detect default resource location for test class [com.practice_day2.huyu.HuyuApplicationTests]: class path resource [com/practice_day2/huyu/HuyuApplicationTests-context.xml] does not exist
18:25:47.320 [main] DEBUG org.springframework.test.context.support.AbstractContextLoader - Did not detect default resource location for test class [com.practice_day2.huyu.HuyuApplicationTests]: class path resource [com/practice_day2/huyu/HuyuApplicationTestsContext.groovy] does not exist
18:25:47.320 [main] INFO org.springframework.test.context.support.AbstractContextLoader - Could not detect default resource locations for test class [com.practice_day2.huyu.HuyuApplicationTests]: no resource found for suffixes {-context.xml, Context.groovy}.
18:25:47.322 [main] INFO org.springframework.test.context.support.AnnotationConfigContextLoaderUtils - Could not detect default configuration classes for test class [com.practice_day2.huyu.HuyuApplicationTests]: HuyuApplicationTests does not declare any static, non-private, non-final, nested classes annotated with @Configuration.
18:25:47.648 [main] DEBUG org.springframework.test.context.support.ActiveProfilesUtils - Could not find an 'annotation declaring class' for annotation type [org.springframework.test.context.ActiveProfiles] and class [com.practice_day2.huyu.HuyuApplicationTests]
18:25:47.716 [main] DEBUG org.springframework.core.env.StandardEnvironment - Adding PropertySource 'systemProperties' with lowest search precedence
18:25:47.718 [main] DEBUG org.springframework.core.env.StandardEnvironment - Adding PropertySource 'systemEnvironment' with lowest search precedence
18:25:47.825 [main] DEBUG org.springframework.core.env.StandardEnvironment - Initialized StandardEnvironment with PropertySources [MapPropertySource@377478451 {name='systemProperties', properties={java.runtime.name=Java(TM) SE Runtime Environment, sun.boot.library.path=/usr/lib/jvm/java-8-oracle/jre/lib/amd64, java.vm.version=25.181-b13, java.vm.vendor=Oracle Corporation, java.vendor.url=http://java.oracle.com/, path.separator=:, java.vm.name=Java HotSpot(TM) 64-Bit Server VM, file.encoding.pkg=sun.io, user.country=US, sun.java.launcher=SUN_STANDARD, sun.os.patch.level=unknown, java.vm.specification.name=Java Virtual Machine Specification, user.dir=/home/rickykennedy/Documents/repo/FUTURE/training_day2/huyu-backend, java.runtime.version=1.8.0_181-b13, basedir=/home/rickykennedy/Documents/repo/FUTURE/training_day2/huyu-backend, java.awt.graphicsenv=sun.awt.X11GraphicsEnvironment, java.endorsed.dirs=/usr/lib/jvm/java-8-oracle/jre/lib/endorsed, os.arch=amd64, surefire.real.class.path=/home/rickykennedy/Documents/repo/FUTURE/training_day2/huyu-backend/target/surefire/surefirebooter8878334927775417919.jar, java.io.tmpdir=/tmp, line.separator=
, java.vm.specification.vendor=Oracle Corporation, os.name=Linux, sun.jnu.encoding=UTF-8, java.library.path=/usr/java/packages/lib/amd64:/usr/lib64:/lib64:/lib:/usr/lib, surefire.test.class.path=/home/rickykennedy/Documents/repo/FUTURE/training_day2/huyu-backend/target/test-classes:/home/rickykennedy/Documents/repo/FUTURE/training_day2/huyu-backend/target/classes:/home/rickykennedy/.m2/repository/org/springframework/boot/spring-boot-starter-data-mongodb/1.5.18.RELEASE/spring-boot-starter-data-mongodb-1.5.18.RELEASE.jar:/home/rickykennedy/.m2/repository/org/springframework/boot/spring-boot-starter/1.5.18.RELEASE/spring-boot-starter-1.5.18.RELEASE.jar:/home/rickykennedy/.m2/repository/org/springframework/boot/spring-boot/1.5.18.RELEASE/spring-boot-1.5.18.RELEASE.jar:/home/rickykennedy/.m2/repository/org/springframework/boot/spring-boot-autoconfigure/1.5.18.RELEASE/spring-boot-autoconfigure-1.5.18.RELEASE.jar:/home/rickykennedy/.m2/repository/org/springframework/boot/spring-boot-starter-logging/1.5.18.RELEASE/spring-boot-starter-logging-1.5.18.RELEASE.jar:/home/rickykennedy/.m2/repository/ch/qos/logback/logback-classic/1.1.11/logback-classic-1.1.11.jar:/home/rickykennedy/.m2/repository/ch/qos/logback/logback-core/1.1.11/logback-core-1.1.11.jar:/home/rickykennedy/.m2/repository/org/slf4j/jul-to-slf4j/1.7.25/jul-to-slf4j-1.7.25.jar:/home/rickykennedy/.m2/repository/org/slf4j/log4j-over-slf4j/1.7.25/log4j-over-slf4j-1.7.25.jar:/home/rickykennedy/.m2/repository/org/yaml/snakeyaml/1.17/snakeyaml-1.17.jar:/home/rickykennedy/.m2/repository/org/mongodb/mongodb-driver/3.4.3/mongodb-driver-3.4.3.jar:/home/rickykennedy/.m2/repository/org/mongodb/mongodb-driver-core/3.4.3/mongodb-driver-core-3.4.3.jar:/home/rickykennedy/.m2/repository/org/mongodb/bson/3.4.3/bson-3.4.3.jar:/home/rickykennedy/.m2/repository/org/springframework/data/spring-data-mongodb/1.10.17.RELEASE/spring-data-mongodb-1.10.17.RELEASE.jar:/home/rickykennedy/.m2/repository/org/springframework/spring-tx/4.3.21.RELEASE/spring-tx-4.3.21.RELEASE.jar:/home/rickykennedy/.m2/repository/org/springframework/spring-context/4.3.21.RELEASE/spring-context-4.3.21.RELEASE.jar:/home/rickykennedy/.m2/repository/org/springframework/spring-beans/4.3.21.RELEASE/spring-beans-4.3.21.RELEASE.jar:/home/rickykennedy/.m2/repository/org/springframework/spring-expression/4.3.21.RELEASE/spring-expression-4.3.21.RELEASE.jar:/home/rickykennedy/.m2/repository/org/springframework/data/spring-data-commons/1.13.17.RELEASE/spring-data-commons-1.13.17.RELEASE.jar:/home/rickykennedy/.m2/repository/org/slf4j/jcl-over-slf4j/1.7.25/jcl-over-slf4j-1.7.25.jar:/home/rickykennedy/.m2/repository/org/springframework/boot/spring-boot-starter-web/1.5.18.RELEASE/spring-boot-starter-web-1.5.18.RELEASE.jar:/home/rickykennedy/.m2/repository/org/springframework/boot/spring-boot-starter-tomcat/1.5.18.RELEASE/spring-boot-starter-tomcat-1.5.18.RELEASE.jar:/home/rickykennedy/.m2/repository/org/apache/tomcat/embed/tomcat-embed-core/8.5.35/tomcat-embed-core-8.5.35.jar:/home/rickykennedy/.m2/repository/org/apache/tomcat/tomcat-annotations-api/8.5.35/tomcat-annotations-api-8.5.35.jar:/home/rickykennedy/.m2/repository/org/apache/tomcat/embed/tomcat-embed-el/8.5.35/tomcat-embed-el-8.5.35.jar:/home/rickykennedy/.m2/repository/org/apache/tomcat/embed/tomcat-embed-websocket/8.5.35/tomcat-embed-websocket-8.5.35.jar:/home/rickykennedy/.m2/repository/org/hibernate/hibernate-validator/5.3.6.Final/hibernate-validator-5.3.6.Final.jar:/home/rickykennedy/.m2/repository/javax/validation/validation-api/1.1.0.Final/validation-api-1.1.0.Final.jar:/home/rickykennedy/.m2/repository/org/jboss/logging/jboss-logging/3.3.2.Final/jboss-logging-3.3.2.Final.jar:/home/rickykennedy/.m2/repository/com/fasterxml/jackson/core/jackson-databind/2.8.11.3/jackson-databind-2.8.11.3.jar:/home/rickykennedy/.m2/repository/com/fasterxml/jackson/core/jackson-annotations/2.8.0/jackson-annotations-2.8.0.jar:/home/rickykennedy/.m2/repository/com/fasterxml/jackson/core/jackson-core/2.8.11/jackson-core-2.8.11.jar:/home/rickykennedy/.m2/repository/org/springframework/spring-web/4.3.21.RELEASE/spring-web-4.3.21.RELEASE.jar:/home/rickykennedy/.m2/repository/org/springframework/spring-aop/4.3.21.RELEASE/spring-aop-4.3.21.RELEASE.jar:/home/rickykennedy/.m2/repository/org/springframework/spring-webmvc/4.3.21.RELEASE/spring-webmvc-4.3.21.RELEASE.jar:/home/rickykennedy/.m2/repository/org/projectlombok/lombok/1.16.22/lombok-1.16.22.jar:/home/rickykennedy/.m2/repository/org/springframework/boot/spring-boot-starter-test/1.5.18.RELEASE/spring-boot-starter-test-1.5.18.RELEASE.jar:/home/rickykennedy/.m2/repository/org/springframework/boot/spring-boot-test/1.5.18.RELEASE/spring-boot-test-1.5.18.RELEASE.jar:/home/rickykennedy/.m2/repository/org/springframework/boot/spring-boot-test-autoconfigure/1.5.18.RELEASE/spring-boot-test-autoconfigure-1.5.18.RELEASE.jar:/home/rickykennedy/.m2/repository/com/jayway/jsonpath/json-path/2.2.0/json-path-2.2.0.jar:/home/rickykennedy/.m2/repository/net/minidev/json-smart/2.2.1/json-smart-2.2.1.jar:/home/rickykennedy/.m2/repository/net/minidev/accessors-smart/1.1/accessors-smart-1.1.jar:/home/rickykennedy/.m2/repository/org/ow2/asm/asm/5.0.3/asm-5.0.3.jar:/home/rickykennedy/.m2/repository/junit/junit/4.12/junit-4.12.jar:/home/rickykennedy/.m2/repository/org/assertj/assertj-core/2.6.0/assertj-core-2.6.0.jar:/home/rickykennedy/.m2/repository/org/mockito/mockito-core/1.10.19/mockito-core-1.10.19.jar:/home/rickykennedy/.m2/repository/org/objenesis/objenesis/2.1/objenesis-2.1.jar:/home/rickykennedy/.m2/repository/org/hamcrest/hamcrest-core/1.3/hamcrest-core-1.3.jar:/home/rickykennedy/.m2/repository/org/hamcrest/hamcrest-library/1.3/hamcrest-library-1.3.jar:/home/rickykennedy/.m2/repository/org/skyscreamer/jsonassert/1.4.0/jsonassert-1.4.0.jar:/home/rickykennedy/.m2/repository/com/vaadin/external/google/android-json/0.0.20131108.vaadin1/android-json-0.0.20131108.vaadin1.jar:/home/rickykennedy/.m2/repository/org/springframework/spring-core/4.3.21.RELEASE/spring-core-4.3.21.RELEASE.jar:/home/rickykennedy/.m2/repository/org/springframework/spring-test/4.3.21.RELEASE/spring-test-4.3.21.RELEASE.jar:/home/rickykennedy/.m2/repository/io/springfox/springfox-swagger2/2.9.2/springfox-swagger2-2.9.2.jar:/home/rickykennedy/.m2/repository/io/swagger/swagger-annotations/1.5.20/swagger-annotations-1.5.20.jar:/home/rickykennedy/.m2/repository/io/swagger/swagger-models/1.5.20/swagger-models-1.5.20.jar:/home/rickykennedy/.m2/repository/io/springfox/springfox-spi/2.9.2/springfox-spi-2.9.2.jar:/home/rickykennedy/.m2/repository/io/springfox/springfox-core/2.9.2/springfox-core-2.9.2.jar:/home/rickykennedy/.m2/repository/net/bytebuddy/byte-buddy/1.8.12/byte-buddy-1.8.12.jar:/home/rickykennedy/.m2/repository/io/springfox/springfox-schema/2.9.2/springfox-schema-2.9.2.jar:/home/rickykennedy/.m2/repository/io/springfox/springfox-swagger-common/2.9.2/springfox-swagger-common-2.9.2.jar:/home/rickykennedy/.m2/repository/io/springfox/springfox-spring-web/2.9.2/springfox-spring-web-2.9.2.jar:/home/rickykennedy/.m2/repository/com/google/guava/guava/20.0/guava-20.0.jar:/home/rickykennedy/.m2/repository/com/fasterxml/classmate/1.3.4/classmate-1.3.4.jar:/home/rickykennedy/.m2/repository/org/slf4j/slf4j-api/1.7.25/slf4j-api-1.7.25.jar:/home/rickykennedy/.m2/repository/org/springframework/plugin/spring-plugin-core/1.2.0.RELEASE/spring-plugin-core-1.2.0.RELEASE.jar:/home/rickykennedy/.m2/repository/org/springframework/plugin/spring-plugin-metadata/1.2.0.RELEASE/spring-plugin-metadata-1.2.0.RELEASE.jar:/home/rickykennedy/.m2/repository/org/mapstruct/mapstruct/1.2.0.Final/mapstruct-1.2.0.Final.jar:/home/rickykennedy/.m2/repository/io/springfox/springfox-swagger-ui/2.9.2/springfox-swagger-ui-2.9.2.jar:, java.specification.name=Java Platform API Specification, java.class.version=52.0, sun.management.compiler=HotSpot 64-Bit Tiered Compilers, os.version=4.15.0-43-generic, user.home=/home/rickykennedy, user.timezone=Asia/Jakarta, java.awt.printerjob=sun.print.PSPrinterJob, file.encoding=UTF-8, java.specification.version=1.8, java.class.path=/home/rickykennedy/Documents/repo/FUTURE/training_day2/huyu-backend/target/test-classes:/home/rickykennedy/Documents/repo/FUTURE/training_day2/huyu-backend/target/classes:/home/rickykennedy/.m2/repository/org/springframework/boot/spring-boot-starter-data-mongodb/1.5.18.RELEASE/spring-boot-starter-data-mongodb-1.5.18.RELEASE.jar:/home/rickykennedy/.m2/repository/org/springframework/boot/spring-boot-starter/1.5.18.RELEASE/spring-boot-starter-1.5.18.RELEASE.jar:/home/rickykennedy/.m2/repository/org/springframework/boot/spring-boot/1.5.18.RELEASE/spring-boot-1.5.18.RELEASE.jar:/home/rickykennedy/.m2/repository/org/springframework/boot/spring-boot-autoconfigure/1.5.18.RELEASE/spring-boot-autoconfigure-1.5.18.RELEASE.jar:/home/rickykennedy/.m2/repository/org/springframework/boot/spring-boot-starter-logging/1.5.18.RELEASE/spring-boot-starter-logging-1.5.18.RELEASE.jar:/home/rickykennedy/.m2/repository/ch/qos/logback/logback-classic/1.1.11/logback-classic-1.1.11.jar:/home/rickykennedy/.m2/repository/ch/qos/logback/logback-core/1.1.11/logback-core-1.1.11.jar:/home/rickykennedy/.m2/repository/org/slf4j/jul-to-slf4j/1.7.25/jul-to-slf4j-1.7.25.jar:/home/rickykennedy/.m2/repository/org/slf4j/log4j-over-slf4j/1.7.25/log4j-over-slf4j-1.7.25.jar:/home/rickykennedy/.m2/repository/org/yaml/snakeyaml/1.17/snakeyaml-1.17.jar:/home/rickykennedy/.m2/repository/org/mongodb/mongodb-driver/3.4.3/mongodb-driver-3.4.3.jar:/home/rickykennedy/.m2/repository/org/mongodb/mongodb-driver-core/3.4.3/mongodb-driver-core-3.4.3.jar:/home/rickykennedy/.m2/repository/org/mongodb/bson/3.4.3/bson-3.4.3.jar:/home/rickykennedy/.m2/repository/org/springframework/data/spring-data-mongodb/1.10.17.RELEASE/spring-data-mongodb-1.10.17.RELEASE.jar:/home/rickykennedy/.m2/repository/org/springframework/spring-tx/4.3.21.RELEASE/spring-tx-4.3.21.RELEASE.jar:/home/rickykennedy/.m2/repository/org/springframework/spring-context/4.3.21.RELEASE/spring-context-4.3.21.RELEASE.jar:/home/rickykennedy/.m2/repository/org/springframework/spring-beans/4.3.21.RELEASE/spring-beans-4.3.21.RELEASE.jar:/home/rickykennedy/.m2/repository/org/springframework/spring-expression/4.3.21.RELEASE/spring-expression-4.3.21.RELEASE.jar:/home/rickykennedy/.m2/repository/org/springframework/data/spring-data-commons/1.13.17.RELEASE/spring-data-commons-1.13.17.RELEASE.jar:/home/rickykennedy/.m2/repository/org/slf4j/jcl-over-slf4j/1.7.25/jcl-over-slf4j-1.7.25.jar:/home/rickykennedy/.m2/repository/org/springframework/boot/spring-boot-starter-web/1.5.18.RELEASE/spring-boot-starter-web-1.5.18.RELEASE.jar:/home/rickykennedy/.m2/repository/org/springframework/boot/spring-boot-starter-tomcat/1.5.18.RELEASE/spring-boot-starter-tomcat-1.5.18.RELEASE.jar:/home/rickykennedy/.m2/repository/org/apache/tomcat/embed/tomcat-embed-core/8.5.35/tomcat-embed-core-8.5.35.jar:/home/rickykennedy/.m2/repository/org/apache/tomcat/tomcat-annotations-api/8.5.35/tomcat-annotations-api-8.5.35.jar:/home/rickykennedy/.m2/repository/org/apache/tomcat/embed/tomcat-embed-el/8.5.35/tomcat-embed-el-8.5.35.jar:/home/rickykennedy/.m2/repository/org/apache/tomcat/embed/tomcat-embed-websocket/8.5.35/tomcat-embed-websocket-8.5.35.jar:/home/rickykennedy/.m2/repository/org/hibernate/hibernate-validator/5.3.6.Final/hibernate-validator-5.3.6.Final.jar:/home/rickykennedy/.m2/repository/javax/validation/validation-api/1.1.0.Final/validation-api-1.1.0.Final.jar:/home/rickykennedy/.m2/repository/org/jboss/logging/jboss-logging/3.3.2.Final/jboss-logging-3.3.2.Final.jar:/home/rickykennedy/.m2/repository/com/fasterxml/jackson/core/jackson-databind/2.8.11.3/jackson-databind-2.8.11.3.jar:/home/rickykennedy/.m2/repository/com/fasterxml/jackson/core/jackson-annotations/2.8.0/jackson-annotations-2.8.0.jar:/home/rickykennedy/.m2/repository/com/fasterxml/jackson/core/jackson-core/2.8.11/jackson-core-2.8.11.jar:/home/rickykennedy/.m2/repository/org/springframework/spring-web/4.3.21.RELEASE/spring-web-4.3.21.RELEASE.jar:/home/rickykennedy/.m2/repository/org/springframework/spring-aop/4.3.21.RELEASE/spring-aop-4.3.21.RELEASE.jar:/home/rickykennedy/.m2/repository/org/springframework/spring-webmvc/4.3.21.RELEASE/spring-webmvc-4.3.21.RELEASE.jar:/home/rickykennedy/.m2/repository/org/projectlombok/lombok/1.16.22/lombok-1.16.22.jar:/home/rickykennedy/.m2/repository/org/springframework/boot/spring-boot-starter-test/1.5.18.RELEASE/spring-boot-starter-test-1.5.18.RELEASE.jar:/home/rickykennedy/.m2/repository/org/springframework/boot/spring-boot-test/1.5.18.RELEASE/spring-boot-test-1.5.18.RELEASE.jar:/home/rickykennedy/.m2/repository/org/springframework/boot/spring-boot-test-autoconfigure/1.5.18.RELEASE/spring-boot-test-autoconfigure-1.5.18.RELEASE.jar:/home/rickykennedy/.m2/repository/com/jayway/jsonpath/json-path/2.2.0/json-path-2.2.0.jar:/home/rickykennedy/.m2/repository/net/minidev/json-smart/2.2.1/json-smart-2.2.1.jar:/home/rickykennedy/.m2/repository/net/minidev/accessors-smart/1.1/accessors-smart-1.1.jar:/home/rickykennedy/.m2/repository/org/ow2/asm/asm/5.0.3/asm-5.0.3.jar:/home/rickykennedy/.m2/repository/junit/junit/4.12/junit-4.12.jar:/home/rickykennedy/.m2/repository/org/assertj/assertj-core/2.6.0/assertj-core-2.6.0.jar:/home/rickykennedy/.m2/repository/org/mockito/mockito-core/1.10.19/mockito-core-1.10.19.jar:/home/rickykennedy/.m2/repository/org/objenesis/objenesis/2.1/objenesis-2.1.jar:/home/rickykennedy/.m2/repository/org/hamcrest/hamcrest-core/1.3/hamcrest-core-1.3.jar:/home/rickykennedy/.m2/repository/org/hamcrest/hamcrest-library/1.3/hamcrest-library-1.3.jar:/home/rickykennedy/.m2/repository/org/skyscreamer/jsonassert/1.4.0/jsonassert-1.4.0.jar:/home/rickykennedy/.m2/repository/com/vaadin/external/google/android-json/0.0.20131108.vaadin1/android-json-0.0.20131108.vaadin1.jar:/home/rickykennedy/.m2/repository/org/springframework/spring-core/4.3.21.RELEASE/spring-core-4.3.21.RELEASE.jar:/home/rickykennedy/.m2/repository/org/springframework/spring-test/4.3.21.RELEASE/spring-test-4.3.21.RELEASE.jar:/home/rickykennedy/.m2/repository/io/springfox/springfox-swagger2/2.9.2/springfox-swagger2-2.9.2.jar:/home/rickykennedy/.m2/repository/io/swagger/swagger-annotations/1.5.20/swagger-annotations-1.5.20.jar:/home/rickykennedy/.m2/repository/io/swagger/swagger-models/1.5.20/swagger-models-1.5.20.jar:/home/rickykennedy/.m2/repository/io/springfox/springfox-spi/2.9.2/springfox-spi-2.9.2.jar:/home/rickykennedy/.m2/repository/io/springfox/springfox-core/2.9.2/springfox-core-2.9.2.jar:/home/rickykennedy/.m2/repository/net/bytebuddy/byte-buddy/1.8.12/byte-buddy-1.8.12.jar:/home/rickykennedy/.m2/repository/io/springfox/springfox-schema/2.9.2/springfox-schema-2.9.2.jar:/home/rickykennedy/.m2/repository/io/springfox/springfox-swagger-common/2.9.2/springfox-swagger-common-2.9.2.jar:/home/rickykennedy/.m2/repository/io/springfox/springfox-spring-web/2.9.2/springfox-spring-web-2.9.2.jar:/home/rickykennedy/.m2/repository/com/google/guava/guava/20.0/guava-20.0.jar:/home/rickykennedy/.m2/repository/com/fasterxml/classmate/1.3.4/classmate-1.3.4.jar:/home/rickykennedy/.m2/repository/org/slf4j/slf4j-api/1.7.25/slf4j-api-1.7.25.jar:/home/rickykennedy/.m2/repository/org/springframework/plugin/spring-plugin-core/1.2.0.RELEASE/spring-plugin-core-1.2.0.RELEASE.jar:/home/rickykennedy/.m2/repository/org/springframework/plugin/spring-plugin-metadata/1.2.0.RELEASE/spring-plugin-metadata-1.2.0.RELEASE.jar:/home/rickykennedy/.m2/repository/org/mapstruct/mapstruct/1.2.0.Final/mapstruct-1.2.0.Final.jar:/home/rickykennedy/.m2/repository/io/springfox/springfox-swagger-ui/2.9.2/springfox-swagger-ui-2.9.2.jar:, user.name=rickykennedy, java.vm.specification.version=1.8, sun.java.command=/home/rickykennedy/Documents/repo/FUTURE/training_day2/huyu-backend/target/surefire/surefirebooter8878334927775417919.jar /home/rickykennedy/Documents/repo/FUTURE/training_day2/huyu-backend/target/surefire/surefire1160044531286571985tmp /home/rickykennedy/Documents/repo/FUTURE/training_day2/huyu-backend/target/surefire/surefire_07813662122936753777tmp, java.home=/usr/lib/jvm/java-8-oracle/jre, sun.arch.data.model=64, user.language=en, java.specification.vendor=Oracle Corporation, awt.toolkit=sun.awt.X11.XToolkit, java.vm.info=mixed mode, java.version=1.8.0_181, java.ext.dirs=/usr/lib/jvm/java-8-oracle/jre/lib/ext:/usr/java/packages/lib/ext, sun.boot.class.path=/usr/lib/jvm/java-8-oracle/jre/lib/resources.jar:/usr/lib/jvm/java-8-oracle/jre/lib/rt.jar:/usr/lib/jvm/java-8-oracle/jre/lib/sunrsasign.jar:/usr/lib/jvm/java-8-oracle/jre/lib/jsse.jar:/usr/lib/jvm/java-8-oracle/jre/lib/jce.jar:/usr/lib/jvm/java-8-oracle/jre/lib/charsets.jar:/usr/lib/jvm/java-8-oracle/jre/lib/jfr.jar:/usr/lib/jvm/java-8-oracle/jre/classes, java.vendor=Oracle Corporation, localRepository=/home/rickykennedy/.m2/repository, file.separator=/, java.vendor.url.bug=http://bugreport.sun.com/bugreport/, sun.io.unicode.encoding=UnicodeLittle, sun.cpu.endian=little, sun.desktop=gnome, sun.cpu.isalist=}}, SystemEnvironmentPropertySource@513169028 {name='systemEnvironment', properties={PATH=/home/rickykennedy/anaconda3/bin:/home/rickykennedy/.local/bin:/home/rickykennedy/anaconda3/bin:/home/rickykennedy/.local/bin:/usr/local/sbin:/usr/local/bin:/usr/sbin:/usr/bin:/sbin:/bin:/usr/games:/usr/local/games:/snap/bin:/usr/lib/jvm/java-8-oracle/bin:/usr/lib/jvm/java-8-oracle/db/bin:/usr/lib/jvm/java-8-oracle/jre/bin:/usr/lib/jvm/java-8-oracle/bin:/usr/lib/jvm/java-8-oracle/db/bin:/usr/lib/jvm/java-8-oracle/jre/bin, LC_MEASUREMENT=id_ID.UTF-8, XAUTHORITY=/run/user/1000/gdm/Xauthority, XMODIFIERS=@im=ibus, LC_TELEPHONE=id_ID.UTF-8, XDG_DATA_DIRS=/usr/share/ubuntu:/usr/local/share:/usr/share:/var/lib/snapd/desktop, GDMSESSION=ubuntu, MANDATORY_PATH=/usr/share/gconf/ubuntu.mandatory.path, LC_TIME=id_ID.UTF-8, TEXTDOMAINDIR=/usr/share/locale/, GTK_IM_MODULE=ibus, DBUS_SESSION_BUS_ADDRESS=unix:path=/run/user/1000/bus, DEFAULTS_PATH=/usr/share/gconf/ubuntu.default.path, XDG_CURRENT_DESKTOP=ubuntu:GNOME, SSH_AGENT_PID=2386, QT4_IM_MODULE=xim, LC_PAPER=id_ID.UTF-8, SESSION_MANAGER=local/Kennedy:@/tmp/.ICE-unix/21671,unix/Kennedy:/tmp/.ICE-unix/21671, USERNAME=rickykennedy, LOGNAME=rickykennedy, PWD=/home/rickykennedy/Documents/repo/FUTURE/training_day2/huyu-backend, DERBY_HOME=/usr/lib/jvm/java-8-oracle/db, IM_CONFIG_PHASE=2, S_COLORS=auto, GJS_DEBUG_TOPICS=JS ERROR;JS LOG, SHELL=/bin/bash, LESSOPEN=| /usr/bin/lesspipe %s, LC_ADDRESS=id_ID.UTF-8, GIO_LAUNCHED_DESKTOP_FILE=/usr/share/applications/intellij-idea.desktop, J2SDKDIR=/usr/lib/jvm/java-8-oracle, OLDPWD=/home/rickykennedy/Documents/repo/FUTURE/training_day2/huyu-backend, GNOME_DESKTOP_SESSION_ID=this-is-deprecated, GTK_MODULES=gail:atk-bridge, J2REDIR=/usr/lib/jvm/java-8-oracle/jre, CLUTTER_IM_MODULE=xim, TEXTDOMAIN=im-config, LS_COLORS=rs=0:di=01;34:ln=01;36:mh=00:pi=40;33:so=01;35:do=01;35:bd=40;33;01:cd=40;33;01:or=40;31;01:mi=00:su=37;41:sg=30;43:ca=30;41:tw=30;42:ow=34;42:st=37;44:ex=01;32:*.tar=01;31:*.tgz=01;31:*.arc=01;31:*.arj=01;31:*.taz=01;31:*.lha=01;31:*.lz4=01;31:*.lzh=01;31:*.lzma=01;31:*.tlz=01;31:*.txz=01;31:*.tzo=01;31:*.t7z=01;31:*.zip=01;31:*.z=01;31:*.Z=01;31:*.dz=01;31:*.gz=01;31:*.lrz=01;31:*.lz=01;31:*.lzo=01;31:*.xz=01;31:*.zst=01;31:*.tzst=01;31:*.bz2=01;31:*.bz=01;31:*.tbz=01;31:*.tbz2=01;31:*.tz=01;31:*.deb=01;31:*.rpm=01;31:*.jar=01;31:*.war=01;31:*.ear=01;31:*.sar=01;31:*.rar=01;31:*.alz=01;31:*.ace=01;31:*.zoo=01;31:*.cpio=01;31:*.7z=01;31:*.rz=01;31:*.cab=01;31:*.wim=01;31:*.swm=01;31:*.dwm=01;31:*.esd=01;31:*.jpg=01;35:*.jpeg=01;35:*.mjpg=01;35:*.mjpeg=01;35:*.gif=01;35:*.bmp=01;35:*.pbm=01;35:*.pgm=01;35:*.ppm=01;35:*.tga=01;35:*.xbm=01;35:*.xpm=01;35:*.tif=01;35:*.tiff=01;35:*.png=01;35:*.svg=01;35:*.svgz=01;35:*.mng=01;35:*.pcx=01;35:*.mov=01;35:*.mpg=01;35:*.mpeg=01;35:*.m2v=01;35:*.mkv=01;35:*.webm=01;35:*.ogm=01;35:*.mp4=01;35:*.m4v=01;35:*.mp4v=01;35:*.vob=01;35:*.qt=01;35:*.nuv=01;35:*.wmv=01;35:*.asf=01;35:*.rm=01;35:*.rmvb=01;35:*.flc=01;35:*.avi=01;35:*.fli=01;35:*.flv=01;35:*.gl=01;35:*.dl=01;35:*.xcf=01;35:*.xwd=01;35:*.yuv=01;35:*.cgm=01;35:*.emf=01;35:*.ogv=01;35:*.ogx=01;35:*.aac=00;36:*.au=00;36:*.flac=00;36:*.m4a=00;36:*.mid=00;36:*.midi=00;36:*.mka=00;36:*.mp3=00;36:*.mpc=00;36:*.ogg=00;36:*.ra=00;36:*.wav=00;36:*.oga=00;36:*.opus=00;36:*.spx=00;36:*.xspf=00;36:, XDG_SESSION_DESKTOP=ubuntu, SHLVL=1, LC_IDENTIFICATION=id_ID.UTF-8, LESSCLOSE=/usr/bin/lesspipe %s %s, LC_MONETARY=id_ID.UTF-8, QT_IM_MODULE=xim, JAVA_HOME=/usr/lib/jvm/java-8-oracle, TERM=xterm-256color, XDG_CONFIG_DIRS=/etc/xdg/xdg-ubuntu:/etc/xdg, LANG=en_US.UTF-8, XDG_SESSION_ID=69, XDG_SESSION_TYPE=x11, DISPLAY=:0, LC_NAME=id_ID.UTF-8, MAVEN_CMD_LINE_ARGS= clean install, _=/usr/bin/mvn, GPG_AGENT_INFO=/run/user/1000/gnupg/S.gpg-agent:0:1, MAVEN_PROJECTBASEDIR=/home/rickykennedy/Documents/repo/FUTURE/training_day2/huyu-backend, DESKTOP_SESSION=ubuntu, USER=rickykennedy, XDG_MENU_PREFIX=gnome-, GIO_LAUNCHED_DESKTOP_FILE_PID=22109, QT_ACCESSIBILITY=1, WINDOWPATH=2, LC_NUMERIC=id_ID.UTF-8, GJS_DEBUG_OUTPUT=stderr, SSH_AUTH_SOCK=/run/user/1000/keyring/ssh, XDG_SEAT=seat0, GNOME_SHELL_SESSION_MODE=ubuntu, XDG_VTNR=2, XDG_RUNTIME_DIR=/run/user/1000, HOME=/home/rickykennedy}}]
18:25:48.181 [main] DEBUG org.springframework.core.io.support.PathMatchingResourcePatternResolver - Resolved classpath location [com/practice_day2/huyu/] to resources [URL [file:/home/rickykennedy/Documents/repo/FUTURE/training_day2/huyu-backend/target/test-classes/com/practice_day2/huyu/], URL [file:/home/rickykennedy/Documents/repo/FUTURE/training_day2/huyu-backend/target/classes/com/practice_day2/huyu/]]
18:25:48.182 [main] DEBUG org.springframework.core.io.support.PathMatchingResourcePatternResolver - Looking for matching resources in directory tree [/home/rickykennedy/Documents/repo/FUTURE/training_day2/huyu-backend/target/test-classes/com/practice_day2/huyu]
18:25:48.183 [main] DEBUG org.springframework.core.io.support.PathMatchingResourcePatternResolver - Searching directory [/home/rickykennedy/Documents/repo/FUTURE/training_day2/huyu-backend/target/test-classes/com/practice_day2/huyu] for files matching pattern [/home/rickykennedy/Documents/repo/FUTURE/training_day2/huyu-backend/target/test-classes/com/practice_day2/huyu/*.class]
18:25:48.188 [main] DEBUG org.springframework.core.io.support.PathMatchingResourcePatternResolver - Looking for matching resources in directory tree [/home/rickykennedy/Documents/repo/FUTURE/training_day2/huyu-backend/target/classes/com/practice_day2/huyu]
18:25:48.188 [main] DEBUG org.springframework.core.io.support.PathMatchingResourcePatternResolver - Searching directory [/home/rickykennedy/Documents/repo/FUTURE/training_day2/huyu-backend/target/classes/com/practice_day2/huyu] for files matching pattern [/home/rickykennedy/Documents/repo/FUTURE/training_day2/huyu-backend/target/classes/com/practice_day2/huyu/*.class]
18:25:48.191 [main] DEBUG org.springframework.core.io.support.PathMatchingResourcePatternResolver - Resolved location pattern [classpath*:com/practice_day2/huyu/*.class] to resources [file [/home/rickykennedy/Documents/repo/FUTURE/training_day2/huyu-backend/target/test-classes/com/practice_day2/huyu/HuyuApplicationTests.class], file [/home/rickykennedy/Documents/repo/FUTURE/training_day2/huyu-backend/target/classes/com/practice_day2/huyu/HuyuApplication.class]]
18:25:48.930 [main] DEBUG org.springframework.context.annotation.ClassPathScanningCandidateComponentProvider - Identified candidate component class: file [/home/rickykennedy/Documents/repo/FUTURE/training_day2/huyu-backend/target/classes/com/practice_day2/huyu/HuyuApplication.class]
18:25:48.932 [main] INFO org.springframework.boot.test.context.SpringBootTestContextBootstrapper - Found @SpringBootConfiguration com.practice_day2.huyu.HuyuApplication for test class com.practice_day2.huyu.HuyuApplicationTests
18:25:48.997 [main] DEBUG org.springframework.boot.test.context.SpringBootTestContextBootstrapper - @TestExecutionListeners is not present for class [com.practice_day2.huyu.HuyuApplicationTests]: using defaults.
18:25:49.006 [main] INFO org.springframework.boot.test.context.SpringBootTestContextBootstrapper - Loaded default TestExecutionListener class names from location [META-INF/spring.factories]: [org.springframework.boot.test.mock.mockito.MockitoTestExecutionListener, org.springframework.boot.test.mock.mockito.ResetMocksTestExecutionListener, org.springframework.boot.test.autoconfigure.restdocs.RestDocsTestExecutionListener, org.springframework.boot.test.autoconfigure.web.client.MockRestServiceServerResetTestExecutionListener, org.springframework.boot.test.autoconfigure.web.servlet.MockMvcPrintOnlyOnFailureTestExecutionListener, org.springframework.boot.test.autoconfigure.web.servlet.WebDriverTestExecutionListener, org.springframework.test.context.web.ServletTestExecutionListener, org.springframework.test.context.support.DirtiesContextBeforeModesTestExecutionListener, org.springframework.test.context.support.DependencyInjectionTestExecutionListener, org.springframework.test.context.support.DirtiesContextTestExecutionListener, org.springframework.test.context.transaction.TransactionalTestExecutionListener, org.springframework.test.context.jdbc.SqlScriptsTestExecutionListener]
18:25:49.319 [main] INFO org.springframework.boot.test.context.SpringBootTestContextBootstrapper - Using TestExecutionListeners: [org.springframework.test.context.web.ServletTestExecutionListener@76329302, org.springframework.test.context.support.DirtiesContextBeforeModesTestExecutionListener@5e25a92e, org.springframework.boot.test.mock.mockito.MockitoTestExecutionListener@4df828d7, org.springframework.boot.test.autoconfigure.SpringBootDependencyInjectionTestExecutionListener@b59d31, org.springframework.test.context.support.DirtiesContextTestExecutionListener@62fdb4a6, org.springframework.test.context.transaction.TransactionalTestExecutionListener@11e21d0e, org.springframework.test.context.jdbc.SqlScriptsTestExecutionListener@1dd02175, org.springframework.boot.test.mock.mockito.ResetMocksTestExecutionListener@31206beb, org.springframework.boot.test.autoconfigure.restdocs.RestDocsTestExecutionListener@3e77a1ed, org.springframework.boot.test.autoconfigure.web.client.MockRestServiceServerResetTestExecutionListener@3ffcd140, org.springframework.boot.test.autoconfigure.web.servlet.MockMvcPrintOnlyOnFailureTestExecutionListener@23bb8443, org.springframework.boot.test.autoconfigure.web.servlet.WebDriverTestExecutionListener@1176dcec]
18:25:49.382 [main] DEBUG org.springframework.test.annotation.ProfileValueUtils - Retrieved @ProfileValueSourceConfiguration [null] for test class [com.practice_day2.huyu.HuyuApplicationTests]
18:25:49.383 [main] DEBUG org.springframework.test.annotation.ProfileValueUtils - Retrieved ProfileValueSource type [class org.springframework.test.annotation.SystemProfileValueSource] for class [com.practice_day2.huyu.HuyuApplicationTests]
18:25:49.398 [main] DEBUG org.springframework.test.context.junit4.SpringJUnit4ClassRunner - SpringJUnit4ClassRunner constructor called with [class com.practice_day2.huyu.HuyuApplicationTests]
18:25:49.399 [main] DEBUG org.springframework.test.context.BootstrapUtils - Instantiating CacheAwareContextLoaderDelegate from class [org.springframework.test.context.cache.DefaultCacheAwareContextLoaderDelegate]
18:25:49.399 [main] DEBUG org.springframework.test.context.BootstrapUtils - Instantiating BootstrapContext using constructor [public org.springframework.test.context.support.DefaultBootstrapContext(java.lang.Class,org.springframework.test.context.CacheAwareContextLoaderDelegate)]
18:25:49.400 [main] DEBUG org.springframework.test.context.BootstrapUtils - Instantiating TestContextBootstrapper for test class [com.practice_day2.huyu.HuyuApplicationTests] from class [org.springframework.boot.test.context.SpringBootTestContextBootstrapper]
18:25:49.401 [main] INFO org.springframework.boot.test.context.SpringBootTestContextBootstrapper - Neither @ContextConfiguration nor @ContextHierarchy found for test class [com.practice_day2.huyu.HuyuApplicationTests], using SpringBootContextLoader
18:25:49.402 [main] DEBUG org.springframework.test.context.support.AbstractContextLoader - Did not detect default resource location for test class [com.practice_day2.huyu.HuyuApplicationTests]: class path resource [com/practice_day2/huyu/HuyuApplicationTests-context.xml] does not exist
18:25:49.407 [main] DEBUG org.springframework.test.context.support.AbstractContextLoader - Did not detect default resource location for test class [com.practice_day2.huyu.HuyuApplicationTests]: class path resource [com/practice_day2/huyu/HuyuApplicationTestsContext.groovy] does not exist
18:25:49.407 [main] INFO org.springframework.test.context.support.AbstractContextLoader - Could not detect default resource locations for test class [com.practice_day2.huyu.HuyuApplicationTests]: no resource found for suffixes {-context.xml, Context.groovy}.
18:25:49.408 [main] INFO org.springframework.test.context.support.AnnotationConfigContextLoaderUtils - Could not detect default configuration classes for test class [com.practice_day2.huyu.HuyuApplicationTests]: HuyuApplicationTests does not declare any static, non-private, non-final, nested classes annotated with @Configuration.
18:25:49.423 [main] DEBUG org.springframework.test.context.support.ActiveProfilesUtils - Could not find an 'annotation declaring class' for annotation type [org.springframework.test.context.ActiveProfiles] and class [com.practice_day2.huyu.HuyuApplicationTests]
18:25:49.426 [main] DEBUG org.springframework.core.env.StandardEnvironment - Adding PropertySource 'systemProperties' with lowest search precedence
18:25:49.427 [main] DEBUG org.springframework.core.env.StandardEnvironment - Adding PropertySource 'systemEnvironment' with lowest search precedence
18:25:49.428 [main] DEBUG org.springframework.core.env.StandardEnvironment - Initialized StandardEnvironment with PropertySources [MapPropertySource@433874882 {name='systemProperties', properties={java.runtime.name=Java(TM) SE Runtime Environment, sun.boot.library.path=/usr/lib/jvm/java-8-oracle/jre/lib/amd64, java.vm.version=25.181-b13, java.vm.vendor=Oracle Corporation, java.vendor.url=http://java.oracle.com/, path.separator=:, java.vm.name=Java HotSpot(TM) 64-Bit Server VM, file.encoding.pkg=sun.io, user.country=US, sun.java.launcher=SUN_STANDARD, sun.os.patch.level=unknown, java.vm.specification.name=Java Virtual Machine Specification, user.dir=/home/rickykennedy/Documents/repo/FUTURE/training_day2/huyu-backend, java.runtime.version=1.8.0_181-b13, basedir=/home/rickykennedy/Documents/repo/FUTURE/training_day2/huyu-backend, java.awt.graphicsenv=sun.awt.X11GraphicsEnvironment, java.endorsed.dirs=/usr/lib/jvm/java-8-oracle/jre/lib/endorsed, os.arch=amd64, surefire.real.class.path=/home/rickykennedy/Documents/repo/FUTURE/training_day2/huyu-backend/target/surefire/surefirebooter8878334927775417919.jar, java.io.tmpdir=/tmp, line.separator=
, java.vm.specification.vendor=Oracle Corporation, os.name=Linux, sun.jnu.encoding=UTF-8, java.library.path=/usr/java/packages/lib/amd64:/usr/lib64:/lib64:/lib:/usr/lib, surefire.test.class.path=/home/rickykennedy/Documents/repo/FUTURE/training_day2/huyu-backend/target/test-classes:/home/rickykennedy/Documents/repo/FUTURE/training_day2/huyu-backend/target/classes:/home/rickykennedy/.m2/repository/org/springframework/boot/spring-boot-starter-data-mongodb/1.5.18.RELEASE/spring-boot-starter-data-mongodb-1.5.18.RELEASE.jar:/home/rickykennedy/.m2/repository/org/springframework/boot/spring-boot-starter/1.5.18.RELEASE/spring-boot-starter-1.5.18.RELEASE.jar:/home/rickykennedy/.m2/repository/org/springframework/boot/spring-boot/1.5.18.RELEASE/spring-boot-1.5.18.RELEASE.jar:/home/rickykennedy/.m2/repository/org/springframework/boot/spring-boot-autoconfigure/1.5.18.RELEASE/spring-boot-autoconfigure-1.5.18.RELEASE.jar:/home/rickykennedy/.m2/repository/org/springframework/boot/spring-boot-starter-logging/1.5.18.RELEASE/spring-boot-starter-logging-1.5.18.RELEASE.jar:/home/rickykennedy/.m2/repository/ch/qos/logback/logback-classic/1.1.11/logback-classic-1.1.11.jar:/home/rickykennedy/.m2/repository/ch/qos/logback/logback-core/1.1.11/logback-core-1.1.11.jar:/home/rickykennedy/.m2/repository/org/slf4j/jul-to-slf4j/1.7.25/jul-to-slf4j-1.7.25.jar:/home/rickykennedy/.m2/repository/org/slf4j/log4j-over-slf4j/1.7.25/log4j-over-slf4j-1.7.25.jar:/home/rickykennedy/.m2/repository/org/yaml/snakeyaml/1.17/snakeyaml-1.17.jar:/home/rickykennedy/.m2/repository/org/mongodb/mongodb-driver/3.4.3/mongodb-driver-3.4.3.jar:/home/rickykennedy/.m2/repository/org/mongodb/mongodb-driver-core/3.4.3/mongodb-driver-core-3.4.3.jar:/home/rickykennedy/.m2/repository/org/mongodb/bson/3.4.3/bson-3.4.3.jar:/home/rickykennedy/.m2/repository/org/springframework/data/spring-data-mongodb/1.10.17.RELEASE/spring-data-mongodb-1.10.17.RELEASE.jar:/home/rickykennedy/.m2/repository/org/springframework/spring-tx/4.3.21.RELEASE/spring-tx-4.3.21.RELEASE.jar:/home/rickykennedy/.m2/repository/org/springframework/spring-context/4.3.21.RELEASE/spring-context-4.3.21.RELEASE.jar:/home/rickykennedy/.m2/repository/org/springframework/spring-beans/4.3.21.RELEASE/spring-beans-4.3.21.RELEASE.jar:/home/rickykennedy/.m2/repository/org/springframework/spring-expression/4.3.21.RELEASE/spring-expression-4.3.21.RELEASE.jar:/home/rickykennedy/.m2/repository/org/springframework/data/spring-data-commons/1.13.17.RELEASE/spring-data-commons-1.13.17.RELEASE.jar:/home/rickykennedy/.m2/repository/org/slf4j/jcl-over-slf4j/1.7.25/jcl-over-slf4j-1.7.25.jar:/home/rickykennedy/.m2/repository/org/springframework/boot/spring-boot-starter-web/1.5.18.RELEASE/spring-boot-starter-web-1.5.18.RELEASE.jar:/home/rickykennedy/.m2/repository/org/springframework/boot/spring-boot-starter-tomcat/1.5.18.RELEASE/spring-boot-starter-tomcat-1.5.18.RELEASE.jar:/home/rickykennedy/.m2/repository/org/apache/tomcat/embed/tomcat-embed-core/8.5.35/tomcat-embed-core-8.5.35.jar:/home/rickykennedy/.m2/repository/org/apache/tomcat/tomcat-annotations-api/8.5.35/tomcat-annotations-api-8.5.35.jar:/home/rickykennedy/.m2/repository/org/apache/tomcat/embed/tomcat-embed-el/8.5.35/tomcat-embed-el-8.5.35.jar:/home/rickykennedy/.m2/repository/org/apache/tomcat/embed/tomcat-embed-websocket/8.5.35/tomcat-embed-websocket-8.5.35.jar:/home/rickykennedy/.m2/repository/org/hibernate/hibernate-validator/5.3.6.Final/hibernate-validator-5.3.6.Final.jar:/home/rickykennedy/.m2/repository/javax/validation/validation-api/1.1.0.Final/validation-api-1.1.0.Final.jar:/home/rickykennedy/.m2/repository/org/jboss/logging/jboss-logging/3.3.2.Final/jboss-logging-3.3.2.Final.jar:/home/rickykennedy/.m2/repository/com/fasterxml/jackson/core/jackson-databind/2.8.11.3/jackson-databind-2.8.11.3.jar:/home/rickykennedy/.m2/repository/com/fasterxml/jackson/core/jackson-annotations/2.8.0/jackson-annotations-2.8.0.jar:/home/rickykennedy/.m2/repository/com/fasterxml/jackson/core/jackson-core/2.8.11/jackson-core-2.8.11.jar:/home/rickykennedy/.m2/repository/org/springframework/spring-web/4.3.21.RELEASE/spring-web-4.3.21.RELEASE.jar:/home/rickykennedy/.m2/repository/org/springframework/spring-aop/4.3.21.RELEASE/spring-aop-4.3.21.RELEASE.jar:/home/rickykennedy/.m2/repository/org/springframework/spring-webmvc/4.3.21.RELEASE/spring-webmvc-4.3.21.RELEASE.jar:/home/rickykennedy/.m2/repository/org/projectlombok/lombok/1.16.22/lombok-1.16.22.jar:/home/rickykennedy/.m2/repository/org/springframework/boot/spring-boot-starter-test/1.5.18.RELEASE/spring-boot-starter-test-1.5.18.RELEASE.jar:/home/rickykennedy/.m2/repository/org/springframework/boot/spring-boot-test/1.5.18.RELEASE/spring-boot-test-1.5.18.RELEASE.jar:/home/rickykennedy/.m2/repository/org/springframework/boot/spring-boot-test-autoconfigure/1.5.18.RELEASE/spring-boot-test-autoconfigure-1.5.18.RELEASE.jar:/home/rickykennedy/.m2/repository/com/jayway/jsonpath/json-path/2.2.0/json-path-2.2.0.jar:/home/rickykennedy/.m2/repository/net/minidev/json-smart/2.2.1/json-smart-2.2.1.jar:/home/rickykennedy/.m2/repository/net/minidev/accessors-smart/1.1/accessors-smart-1.1.jar:/home/rickykennedy/.m2/repository/org/ow2/asm/asm/5.0.3/asm-5.0.3.jar:/home/rickykennedy/.m2/repository/junit/junit/4.12/junit-4.12.jar:/home/rickykennedy/.m2/repository/org/assertj/assertj-core/2.6.0/assertj-core-2.6.0.jar:/home/rickykennedy/.m2/repository/org/mockito/mockito-core/1.10.19/mockito-core-1.10.19.jar:/home/rickykennedy/.m2/repository/org/objenesis/objenesis/2.1/objenesis-2.1.jar:/home/rickykennedy/.m2/repository/org/hamcrest/hamcrest-core/1.3/hamcrest-core-1.3.jar:/home/rickykennedy/.m2/repository/org/hamcrest/hamcrest-library/1.3/hamcrest-library-1.3.jar:/home/rickykennedy/.m2/repository/org/skyscreamer/jsonassert/1.4.0/jsonassert-1.4.0.jar:/home/rickykennedy/.m2/repository/com/vaadin/external/google/android-json/0.0.20131108.vaadin1/android-json-0.0.20131108.vaadin1.jar:/home/rickykennedy/.m2/repository/org/springframework/spring-core/4.3.21.RELEASE/spring-core-4.3.21.RELEASE.jar:/home/rickykennedy/.m2/repository/org/springframework/spring-test/4.3.21.RELEASE/spring-test-4.3.21.RELEASE.jar:/home/rickykennedy/.m2/repository/io/springfox/springfox-swagger2/2.9.2/springfox-swagger2-2.9.2.jar:/home/rickykennedy/.m2/repository/io/swagger/swagger-annotations/1.5.20/swagger-annotations-1.5.20.jar:/home/rickykennedy/.m2/repository/io/swagger/swagger-models/1.5.20/swagger-models-1.5.20.jar:/home/rickykennedy/.m2/repository/io/springfox/springfox-spi/2.9.2/springfox-spi-2.9.2.jar:/home/rickykennedy/.m2/repository/io/springfox/springfox-core/2.9.2/springfox-core-2.9.2.jar:/home/rickykennedy/.m2/repository/net/bytebuddy/byte-buddy/1.8.12/byte-buddy-1.8.12.jar:/home/rickykennedy/.m2/repository/io/springfox/springfox-schema/2.9.2/springfox-schema-2.9.2.jar:/home/rickykennedy/.m2/repository/io/springfox/springfox-swagger-common/2.9.2/springfox-swagger-common-2.9.2.jar:/home/rickykennedy/.m2/repository/io/springfox/springfox-spring-web/2.9.2/springfox-spring-web-2.9.2.jar:/home/rickykennedy/.m2/repository/com/google/guava/guava/20.0/guava-20.0.jar:/home/rickykennedy/.m2/repository/com/fasterxml/classmate/1.3.4/classmate-1.3.4.jar:/home/rickykennedy/.m2/repository/org/slf4j/slf4j-api/1.7.25/slf4j-api-1.7.25.jar:/home/rickykennedy/.m2/repository/org/springframework/plugin/spring-plugin-core/1.2.0.RELEASE/spring-plugin-core-1.2.0.RELEASE.jar:/home/rickykennedy/.m2/repository/org/springframework/plugin/spring-plugin-metadata/1.2.0.RELEASE/spring-plugin-metadata-1.2.0.RELEASE.jar:/home/rickykennedy/.m2/repository/org/mapstruct/mapstruct/1.2.0.Final/mapstruct-1.2.0.Final.jar:/home/rickykennedy/.m2/repository/io/springfox/springfox-swagger-ui/2.9.2/springfox-swagger-ui-2.9.2.jar:, java.specification.name=Java Platform API Specification, java.class.version=52.0, sun.management.compiler=HotSpot 64-Bit Tiered Compilers, os.version=4.15.0-43-generic, user.home=/home/rickykennedy, user.timezone=Asia/Jakarta, java.awt.printerjob=sun.print.PSPrinterJob, file.encoding=UTF-8, java.specification.version=1.8, java.class.path=/home/rickykennedy/Documents/repo/FUTURE/training_day2/huyu-backend/target/test-classes:/home/rickykennedy/Documents/repo/FUTURE/training_day2/huyu-backend/target/classes:/home/rickykennedy/.m2/repository/org/springframework/boot/spring-boot-starter-data-mongodb/1.5.18.RELEASE/spring-boot-starter-data-mongodb-1.5.18.RELEASE.jar:/home/rickykennedy/.m2/repository/org/springframework/boot/spring-boot-starter/1.5.18.RELEASE/spring-boot-starter-1.5.18.RELEASE.jar:/home/rickykennedy/.m2/repository/org/springframework/boot/spring-boot/1.5.18.RELEASE/spring-boot-1.5.18.RELEASE.jar:/home/rickykennedy/.m2/repository/org/springframework/boot/spring-boot-autoconfigure/1.5.18.RELEASE/spring-boot-autoconfigure-1.5.18.RELEASE.jar:/home/rickykennedy/.m2/repository/org/springframework/boot/spring-boot-starter-logging/1.5.18.RELEASE/spring-boot-starter-logging-1.5.18.RELEASE.jar:/home/rickykennedy/.m2/repository/ch/qos/logback/logback-classic/1.1.11/logback-classic-1.1.11.jar:/home/rickykennedy/.m2/repository/ch/qos/logback/logback-core/1.1.11/logback-core-1.1.11.jar:/home/rickykennedy/.m2/repository/org/slf4j/jul-to-slf4j/1.7.25/jul-to-slf4j-1.7.25.jar:/home/rickykennedy/.m2/repository/org/slf4j/log4j-over-slf4j/1.7.25/log4j-over-slf4j-1.7.25.jar:/home/rickykennedy/.m2/repository/org/yaml/snakeyaml/1.17/snakeyaml-1.17.jar:/home/rickykennedy/.m2/repository/org/mongodb/mongodb-driver/3.4.3/mongodb-driver-3.4.3.jar:/home/rickykennedy/.m2/repository/org/mongodb/mongodb-driver-core/3.4.3/mongodb-driver-core-3.4.3.jar:/home/rickykennedy/.m2/repository/org/mongodb/bson/3.4.3/bson-3.4.3.jar:/home/rickykennedy/.m2/repository/org/springframework/data/spring-data-mongodb/1.10.17.RELEASE/spring-data-mongodb-1.10.17.RELEASE.jar:/home/rickykennedy/.m2/repository/org/springframework/spring-tx/4.3.21.RELEASE/spring-tx-4.3.21.RELEASE.jar:/home/rickykennedy/.m2/repository/org/springframework/spring-context/4.3.21.RELEASE/spring-context-4.3.21.RELEASE.jar:/home/rickykennedy/.m2/repository/org/springframework/spring-beans/4.3.21.RELEASE/spring-beans-4.3.21.RELEASE.jar:/home/rickykennedy/.m2/repository/org/springframework/spring-expression/4.3.21.RELEASE/spring-expression-4.3.21.RELEASE.jar:/home/rickykennedy/.m2/repository/org/springframework/data/spring-data-commons/1.13.17.RELEASE/spring-data-commons-1.13.17.RELEASE.jar:/home/rickykennedy/.m2/repository/org/slf4j/jcl-over-slf4j/1.7.25/jcl-over-slf4j-1.7.25.jar:/home/rickykennedy/.m2/repository/org/springframework/boot/spring-boot-starter-web/1.5.18.RELEASE/spring-boot-starter-web-1.5.18.RELEASE.jar:/home/rickykennedy/.m2/repository/org/springframework/boot/spring-boot-starter-tomcat/1.5.18.RELEASE/spring-boot-starter-tomcat-1.5.18.RELEASE.jar:/home/rickykennedy/.m2/repository/org/apache/tomcat/embed/tomcat-embed-core/8.5.35/tomcat-embed-core-8.5.35.jar:/home/rickykennedy/.m2/repository/org/apache/tomcat/tomcat-annotations-api/8.5.35/tomcat-annotations-api-8.5.35.jar:/home/rickykennedy/.m2/repository/org/apache/tomcat/embed/tomcat-embed-el/8.5.35/tomcat-embed-el-8.5.35.jar:/home/rickykennedy/.m2/repository/org/apache/tomcat/embed/tomcat-embed-websocket/8.5.35/tomcat-embed-websocket-8.5.35.jar:/home/rickykennedy/.m2/repository/org/hibernate/hibernate-validator/5.3.6.Final/hibernate-validator-5.3.6.Final.jar:/home/rickykennedy/.m2/repository/javax/validation/validation-api/1.1.0.Final/validation-api-1.1.0.Final.jar:/home/rickykennedy/.m2/repository/org/jboss/logging/jboss-logging/3.3.2.Final/jboss-logging-3.3.2.Final.jar:/home/rickykennedy/.m2/repository/com/fasterxml/jackson/core/jackson-databind/2.8.11.3/jackson-databind-2.8.11.3.jar:/home/rickykennedy/.m2/repository/com/fasterxml/jackson/core/jackson-annotations/2.8.0/jackson-annotations-2.8.0.jar:/home/rickykennedy/.m2/repository/com/fasterxml/jackson/core/jackson-core/2.8.11/jackson-core-2.8.11.jar:/home/rickykennedy/.m2/repository/org/springframework/spring-web/4.3.21.RELEASE/spring-web-4.3.21.RELEASE.jar:/home/rickykennedy/.m2/repository/org/springframework/spring-aop/4.3.21.RELEASE/spring-aop-4.3.21.RELEASE.jar:/home/rickykennedy/.m2/repository/org/springframework/spring-webmvc/4.3.21.RELEASE/spring-webmvc-4.3.21.RELEASE.jar:/home/rickykennedy/.m2/repository/org/projectlombok/lombok/1.16.22/lombok-1.16.22.jar:/home/rickykennedy/.m2/repository/org/springframework/boot/spring-boot-starter-test/1.5.18.RELEASE/spring-boot-starter-test-1.5.18.RELEASE.jar:/home/rickykennedy/.m2/repository/org/springframework/boot/spring-boot-test/1.5.18.RELEASE/spring-boot-test-1.5.18.RELEASE.jar:/home/rickykennedy/.m2/repository/org/springframework/boot/spring-boot-test-autoconfigure/1.5.18.RELEASE/spring-boot-test-autoconfigure-1.5.18.RELEASE.jar:/home/rickykennedy/.m2/repository/com/jayway/jsonpath/json-path/2.2.0/json-path-2.2.0.jar:/home/rickykennedy/.m2/repository/net/minidev/json-smart/2.2.1/json-smart-2.2.1.jar:/home/rickykennedy/.m2/repository/net/minidev/accessors-smart/1.1/accessors-smart-1.1.jar:/home/rickykennedy/.m2/repository/org/ow2/asm/asm/5.0.3/asm-5.0.3.jar:/home/rickykennedy/.m2/repository/junit/junit/4.12/junit-4.12.jar:/home/rickykennedy/.m2/repository/org/assertj/assertj-core/2.6.0/assertj-core-2.6.0.jar:/home/rickykennedy/.m2/repository/org/mockito/mockito-core/1.10.19/mockito-core-1.10.19.jar:/home/rickykennedy/.m2/repository/org/objenesis/objenesis/2.1/objenesis-2.1.jar:/home/rickykennedy/.m2/repository/org/hamcrest/hamcrest-core/1.3/hamcrest-core-1.3.jar:/home/rickykennedy/.m2/repository/org/hamcrest/hamcrest-library/1.3/hamcrest-library-1.3.jar:/home/rickykennedy/.m2/repository/org/skyscreamer/jsonassert/1.4.0/jsonassert-1.4.0.jar:/home/rickykennedy/.m2/repository/com/vaadin/external/google/android-json/0.0.20131108.vaadin1/android-json-0.0.20131108.vaadin1.jar:/home/rickykennedy/.m2/repository/org/springframework/spring-core/4.3.21.RELEASE/spring-core-4.3.21.RELEASE.jar:/home/rickykennedy/.m2/repository/org/springframework/spring-test/4.3.21.RELEASE/spring-test-4.3.21.RELEASE.jar:/home/rickykennedy/.m2/repository/io/springfox/springfox-swagger2/2.9.2/springfox-swagger2-2.9.2.jar:/home/rickykennedy/.m2/repository/io/swagger/swagger-annotations/1.5.20/swagger-annotations-1.5.20.jar:/home/rickykennedy/.m2/repository/io/swagger/swagger-models/1.5.20/swagger-models-1.5.20.jar:/home/rickykennedy/.m2/repository/io/springfox/springfox-spi/2.9.2/springfox-spi-2.9.2.jar:/home/rickykennedy/.m2/repository/io/springfox/springfox-core/2.9.2/springfox-core-2.9.2.jar:/home/rickykennedy/.m2/repository/net/bytebuddy/byte-buddy/1.8.12/byte-buddy-1.8.12.jar:/home/rickykennedy/.m2/repository/io/springfox/springfox-schema/2.9.2/springfox-schema-2.9.2.jar:/home/rickykennedy/.m2/repository/io/springfox/springfox-swagger-common/2.9.2/springfox-swagger-common-2.9.2.jar:/home/rickykennedy/.m2/repository/io/springfox/springfox-spring-web/2.9.2/springfox-spring-web-2.9.2.jar:/home/rickykennedy/.m2/repository/com/google/guava/guava/20.0/guava-20.0.jar:/home/rickykennedy/.m2/repository/com/fasterxml/classmate/1.3.4/classmate-1.3.4.jar:/home/rickykennedy/.m2/repository/org/slf4j/slf4j-api/1.7.25/slf4j-api-1.7.25.jar:/home/rickykennedy/.m2/repository/org/springframework/plugin/spring-plugin-core/1.2.0.RELEASE/spring-plugin-core-1.2.0.RELEASE.jar:/home/rickykennedy/.m2/repository/org/springframework/plugin/spring-plugin-metadata/1.2.0.RELEASE/spring-plugin-metadata-1.2.0.RELEASE.jar:/home/rickykennedy/.m2/repository/org/mapstruct/mapstruct/1.2.0.Final/mapstruct-1.2.0.Final.jar:/home/rickykennedy/.m2/repository/io/springfox/springfox-swagger-ui/2.9.2/springfox-swagger-ui-2.9.2.jar:, user.name=rickykennedy, java.vm.specification.version=1.8, sun.java.command=/home/rickykennedy/Documents/repo/FUTURE/training_day2/huyu-backend/target/surefire/surefirebooter8878334927775417919.jar /home/rickykennedy/Documents/repo/FUTURE/training_day2/huyu-backend/target/surefire/surefire1160044531286571985tmp /home/rickykennedy/Documents/repo/FUTURE/training_day2/huyu-backend/target/surefire/surefire_07813662122936753777tmp, java.home=/usr/lib/jvm/java-8-oracle/jre, sun.arch.data.model=64, user.language=en, java.specification.vendor=Oracle Corporation, awt.toolkit=sun.awt.X11.XToolkit, java.vm.info=mixed mode, java.version=1.8.0_181, java.ext.dirs=/usr/lib/jvm/java-8-oracle/jre/lib/ext:/usr/java/packages/lib/ext, sun.boot.class.path=/usr/lib/jvm/java-8-oracle/jre/lib/resources.jar:/usr/lib/jvm/java-8-oracle/jre/lib/rt.jar:/usr/lib/jvm/java-8-oracle/jre/lib/sunrsasign.jar:/usr/lib/jvm/java-8-oracle/jre/lib/jsse.jar:/usr/lib/jvm/java-8-oracle/jre/lib/jce.jar:/usr/lib/jvm/java-8-oracle/jre/lib/charsets.jar:/usr/lib/jvm/java-8-oracle/jre/lib/jfr.jar:/usr/lib/jvm/java-8-oracle/jre/classes, java.vendor=Oracle Corporation, localRepository=/home/rickykennedy/.m2/repository, file.separator=/, java.vendor.url.bug=http://bugreport.sun.com/bugreport/, sun.io.unicode.encoding=UnicodeLittle, sun.cpu.endian=little, sun.desktop=gnome, sun.cpu.isalist=}}, SystemEnvironmentPropertySource@572191680 {name='systemEnvironment', properties={PATH=/home/rickykennedy/anaconda3/bin:/home/rickykennedy/.local/bin:/home/rickykennedy/anaconda3/bin:/home/rickykennedy/.local/bin:/usr/local/sbin:/usr/local/bin:/usr/sbin:/usr/bin:/sbin:/bin:/usr/games:/usr/local/games:/snap/bin:/usr/lib/jvm/java-8-oracle/bin:/usr/lib/jvm/java-8-oracle/db/bin:/usr/lib/jvm/java-8-oracle/jre/bin:/usr/lib/jvm/java-8-oracle/bin:/usr/lib/jvm/java-8-oracle/db/bin:/usr/lib/jvm/java-8-oracle/jre/bin, LC_MEASUREMENT=id_ID.UTF-8, XAUTHORITY=/run/user/1000/gdm/Xauthority, XMODIFIERS=@im=ibus, LC_TELEPHONE=id_ID.UTF-8, XDG_DATA_DIRS=/usr/share/ubuntu:/usr/local/share:/usr/share:/var/lib/snapd/desktop, GDMSESSION=ubuntu, MANDATORY_PATH=/usr/share/gconf/ubuntu.mandatory.path, LC_TIME=id_ID.UTF-8, TEXTDOMAINDIR=/usr/share/locale/, GTK_IM_MODULE=ibus, DBUS_SESSION_BUS_ADDRESS=unix:path=/run/user/1000/bus, DEFAULTS_PATH=/usr/share/gconf/ubuntu.default.path, XDG_CURRENT_DESKTOP=ubuntu:GNOME, SSH_AGENT_PID=2386, QT4_IM_MODULE=xim, LC_PAPER=id_ID.UTF-8, SESSION_MANAGER=local/Kennedy:@/tmp/.ICE-unix/21671,unix/Kennedy:/tmp/.ICE-unix/21671, USERNAME=rickykennedy, LOGNAME=rickykennedy, PWD=/home/rickykennedy/Documents/repo/FUTURE/training_day2/huyu-backend, DERBY_HOME=/usr/lib/jvm/java-8-oracle/db, IM_CONFIG_PHASE=2, S_COLORS=auto, GJS_DEBUG_TOPICS=JS ERROR;JS LOG, SHELL=/bin/bash, LESSOPEN=| /usr/bin/lesspipe %s, LC_ADDRESS=id_ID.UTF-8, GIO_LAUNCHED_DESKTOP_FILE=/usr/share/applications/intellij-idea.desktop, J2SDKDIR=/usr/lib/jvm/java-8-oracle, OLDPWD=/home/rickykennedy/Documents/repo/FUTURE/training_day2/huyu-backend, GNOME_DESKTOP_SESSION_ID=this-is-deprecated, GTK_MODULES=gail:atk-bridge, J2REDIR=/usr/lib/jvm/java-8-oracle/jre, CLUTTER_IM_MODULE=xim, TEXTDOMAIN=im-config, LS_COLORS=rs=0:di=01;34:ln=01;36:mh=00:pi=40;33:so=01;35:do=01;35:bd=40;33;01:cd=40;33;01:or=40;31;01:mi=00:su=37;41:sg=30;43:ca=30;41:tw=30;42:ow=34;42:st=37;44:ex=01;32:*.tar=01;31:*.tgz=01;31:*.arc=01;31:*.arj=01;31:*.taz=01;31:*.lha=01;31:*.lz4=01;31:*.lzh=01;31:*.lzma=01;31:*.tlz=01;31:*.txz=01;31:*.tzo=01;31:*.t7z=01;31:*.zip=01;31:*.z=01;31:*.Z=01;31:*.dz=01;31:*.gz=01;31:*.lrz=01;31:*.lz=01;31:*.lzo=01;31:*.xz=01;31:*.zst=01;31:*.tzst=01;31:*.bz2=01;31:*.bz=01;31:*.tbz=01;31:*.tbz2=01;31:*.tz=01;31:*.deb=01;31:*.rpm=01;31:*.jar=01;31:*.war=01;31:*.ear=01;31:*.sar=01;31:*.rar=01;31:*.alz=01;31:*.ace=01;31:*.zoo=01;31:*.cpio=01;31:*.7z=01;31:*.rz=01;31:*.cab=01;31:*.wim=01;31:*.swm=01;31:*.dwm=01;31:*.esd=01;31:*.jpg=01;35:*.jpeg=01;35:*.mjpg=01;35:*.mjpeg=01;35:*.gif=01;35:*.bmp=01;35:*.pbm=01;35:*.pgm=01;35:*.ppm=01;35:*.tga=01;35:*.xbm=01;35:*.xpm=01;35:*.tif=01;35:*.tiff=01;35:*.png=01;35:*.svg=01;35:*.svgz=01;35:*.mng=01;35:*.pcx=01;35:*.mov=01;35:*.mpg=01;35:*.mpeg=01;35:*.m2v=01;35:*.mkv=01;35:*.webm=01;35:*.ogm=01;35:*.mp4=01;35:*.m4v=01;35:*.mp4v=01;35:*.vob=01;35:*.qt=01;35:*.nuv=01;35:*.wmv=01;35:*.asf=01;35:*.rm=01;35:*.rmvb=01;35:*.flc=01;35:*.avi=01;35:*.fli=01;35:*.flv=01;35:*.gl=01;35:*.dl=01;35:*.xcf=01;35:*.xwd=01;35:*.yuv=01;35:*.cgm=01;35:*.emf=01;35:*.ogv=01;35:*.ogx=01;35:*.aac=00;36:*.au=00;36:*.flac=00;36:*.m4a=00;36:*.mid=00;36:*.midi=00;36:*.mka=00;36:*.mp3=00;36:*.mpc=00;36:*.ogg=00;36:*.ra=00;36:*.wav=00;36:*.oga=00;36:*.opus=00;36:*.spx=00;36:*.xspf=00;36:, XDG_SESSION_DESKTOP=ubuntu, SHLVL=1, LC_IDENTIFICATION=id_ID.UTF-8, LESSCLOSE=/usr/bin/lesspipe %s %s, LC_MONETARY=id_ID.UTF-8, QT_IM_MODULE=xim, JAVA_HOME=/usr/lib/jvm/java-8-oracle, TERM=xterm-256color, XDG_CONFIG_DIRS=/etc/xdg/xdg-ubuntu:/etc/xdg, LANG=en_US.UTF-8, XDG_SESSION_ID=69, XDG_SESSION_TYPE=x11, DISPLAY=:0, LC_NAME=id_ID.UTF-8, MAVEN_CMD_LINE_ARGS= clean install, _=/usr/bin/mvn, GPG_AGENT_INFO=/run/user/1000/gnupg/S.gpg-agent:0:1, MAVEN_PROJECTBASEDIR=/home/rickykennedy/Documents/repo/FUTURE/training_day2/huyu-backend, DESKTOP_SESSION=ubuntu, USER=rickykennedy, XDG_MENU_PREFIX=gnome-, GIO_LAUNCHED_DESKTOP_FILE_PID=22109, QT_ACCESSIBILITY=1, WINDOWPATH=2, LC_NUMERIC=id_ID.UTF-8, GJS_DEBUG_OUTPUT=stderr, SSH_AUTH_SOCK=/run/user/1000/keyring/ssh, XDG_SEAT=seat0, GNOME_SHELL_SESSION_MODE=ubuntu, XDG_VTNR=2, XDG_RUNTIME_DIR=/run/user/1000, HOME=/home/rickykennedy}}]
18:25:49.448 [main] INFO org.springframework.boot.test.context.SpringBootTestContextBootstrapper - Found @SpringBootConfiguration com.practice_day2.huyu.HuyuApplication for test class com.practice_day2.huyu.HuyuApplicationTests
18:25:49.467 [main] DEBUG org.springframework.boot.test.context.SpringBootTestContextBootstrapper - @TestExecutionListeners is not present for class [com.practice_day2.huyu.HuyuApplicationTests]: using defaults.
18:25:49.479 [main] INFO org.springframework.boot.test.context.SpringBootTestContextBootstrapper - Loaded default TestExecutionListener class names from location [META-INF/spring.factories]: [org.springframework.boot.test.mock.mockito.MockitoTestExecutionListener, org.springframework.boot.test.mock.mockito.ResetMocksTestExecutionListener, org.springframework.boot.test.autoconfigure.restdocs.RestDocsTestExecutionListener, org.springframework.boot.test.autoconfigure.web.client.MockRestServiceServerResetTestExecutionListener, org.springframework.boot.test.autoconfigure.web.servlet.MockMvcPrintOnlyOnFailureTestExecutionListener, org.springframework.boot.test.autoconfigure.web.servlet.WebDriverTestExecutionListener, org.springframework.test.context.web.ServletTestExecutionListener, org.springframework.test.context.support.DirtiesContextBeforeModesTestExecutionListener, org.springframework.test.context.support.DependencyInjectionTestExecutionListener, org.springframework.test.context.support.DirtiesContextTestExecutionListener, org.springframework.test.context.transaction.TransactionalTestExecutionListener, org.springframework.test.context.jdbc.SqlScriptsTestExecutionListener]
18:25:49.489 [main] INFO org.springframework.boot.test.context.SpringBootTestContextBootstrapper - Using TestExecutionListeners: [org.springframework.test.context.web.ServletTestExecutionListener@51b7e5df, org.springframework.test.context.support.DirtiesContextBeforeModesTestExecutionListener@18a70f16, org.springframework.boot.test.mock.mockito.MockitoTestExecutionListener@62e136d3, org.springframework.boot.test.autoconfigure.SpringBootDependencyInjectionTestExecutionListener@c8e4bb0, org.springframework.test.context.support.DirtiesContextTestExecutionListener@6279cee3, org.springframework.test.context.transaction.TransactionalTestExecutionListener@4206a205, org.springframework.test.context.jdbc.SqlScriptsTestExecutionListener@29ba4338, org.springframework.boot.test.mock.mockito.ResetMocksTestExecutionListener@57175e74, org.springframework.boot.test.autoconfigure.restdocs.RestDocsTestExecutionListener@7bb58ca3, org.springframework.boot.test.autoconfigure.web.client.MockRestServiceServerResetTestExecutionListener@c540f5a, org.springframework.boot.test.autoconfigure.web.servlet.MockMvcPrintOnlyOnFailureTestExecutionListener@770c2e6b, org.springframework.boot.test.autoconfigure.web.servlet.WebDriverTestExecutionListener@1a052a00]
18:25:49.491 [main] DEBUG org.springframework.test.annotation.ProfileValueUtils - Retrieved @ProfileValueSourceConfiguration [null] for test class [com.practice_day2.huyu.HuyuApplicationTests]
18:25:49.492 [main] DEBUG org.springframework.test.annotation.ProfileValueUtils - Retrieved ProfileValueSource type [class org.springframework.test.annotation.SystemProfileValueSource] for class [com.practice_day2.huyu.HuyuApplicationTests]
18:25:49.493 [main] DEBUG org.springframework.test.annotation.ProfileValueUtils - Retrieved @ProfileValueSourceConfiguration [null] for test class [com.practice_day2.huyu.HuyuApplicationTests]
18:25:49.494 [main] DEBUG org.springframework.test.annotation.ProfileValueUtils - Retrieved ProfileValueSource type [class org.springframework.test.annotation.SystemProfileValueSource] for class [com.practice_day2.huyu.HuyuApplicationTests]
18:25:49.509 [main] DEBUG org.springframework.test.context.support.AbstractDirtiesContextTestExecutionListener - Before test class: context [DefaultTestContext@36f0f1be testClass = HuyuApplicationTests, testInstance = [null], testMethod = [null], testException = [null], mergedContextConfiguration = [WebMergedContextConfiguration@157632c9 testClass = HuyuApplicationTests, locations = '{}', classes = '{class com.practice_day2.huyu.HuyuApplication}', contextInitializerClasses = '[]', activeProfiles = '{}', propertySourceLocations = '{}', propertySourceProperties = '{org.springframework.boot.test.context.SpringBootTestContextBootstrapper=true}', contextCustomizers = set[org.springframework.boot.test.context.SpringBootTestContextCustomizer@3e9b1010, org.springframework.boot.test.context.filter.ExcludeFilterContextCustomizer@185d8b6, org.springframework.boot.test.json.DuplicateJsonObjectContextCustomizerFactory$DuplicateJsonObjectContextCustomizer@210366b4, org.springframework.boot.test.mock.mockito.MockitoContextCustomizer@0, org.springframework.boot.test.autoconfigure.properties.PropertyMappingContextCustomizer@0, org.springframework.boot.test.autoconfigure.web.servlet.WebDriverContextCustomizerFactory$Customizer@50b494a6], resourceBasePath = 'src/main/webapp', contextLoader = 'org.springframework.boot.test.context.SpringBootContextLoader', parent = [null]]], class annotated with @DirtiesContext [false] with mode [null].
18:25:49.518 [main] DEBUG org.springframework.test.annotation.ProfileValueUtils - Retrieved @ProfileValueSourceConfiguration [null] for test class [com.practice_day2.huyu.HuyuApplicationTests]
18:25:49.519 [main] DEBUG org.springframework.test.annotation.ProfileValueUtils - Retrieved ProfileValueSource type [class org.springframework.test.annotation.SystemProfileValueSource] for class [com.practice_day2.huyu.HuyuApplicationTests]
18:25:50.057 [main] DEBUG org.springframework.core.env.StandardEnvironment - Adding PropertySource 'systemProperties' with lowest search precedence
18:25:50.058 [main] DEBUG org.springframework.core.env.StandardEnvironment - Adding PropertySource 'systemEnvironment' with lowest search precedence
18:25:50.058 [main] DEBUG org.springframework.core.env.StandardEnvironment - Initialized StandardEnvironment with PropertySources [MapPropertySource@1285524499 {name='systemProperties', properties={java.runtime.name=Java(TM) SE Runtime Environment, sun.boot.library.path=/usr/lib/jvm/java-8-oracle/jre/lib/amd64, java.vm.version=25.181-b13, java.vm.vendor=Oracle Corporation, java.vendor.url=http://java.oracle.com/, path.separator=:, java.vm.name=Java HotSpot(TM) 64-Bit Server VM, file.encoding.pkg=sun.io, user.country=US, sun.java.launcher=SUN_STANDARD, sun.os.patch.level=unknown, java.vm.specification.name=Java Virtual Machine Specification, user.dir=/home/rickykennedy/Documents/repo/FUTURE/training_day2/huyu-backend, java.runtime.version=1.8.0_181-b13, basedir=/home/rickykennedy/Documents/repo/FUTURE/training_day2/huyu-backend, java.awt.graphicsenv=sun.awt.X11GraphicsEnvironment, java.endorsed.dirs=/usr/lib/jvm/java-8-oracle/jre/lib/endorsed, os.arch=amd64, surefire.real.class.path=/home/rickykennedy/Documents/repo/FUTURE/training_day2/huyu-backend/target/surefire/surefirebooter8878334927775417919.jar, java.io.tmpdir=/tmp, line.separator=
, java.vm.specification.vendor=Oracle Corporation, os.name=Linux, sun.jnu.encoding=UTF-8, java.library.path=/usr/java/packages/lib/amd64:/usr/lib64:/lib64:/lib:/usr/lib, surefire.test.class.path=/home/rickykennedy/Documents/repo/FUTURE/training_day2/huyu-backend/target/test-classes:/home/rickykennedy/Documents/repo/FUTURE/training_day2/huyu-backend/target/classes:/home/rickykennedy/.m2/repository/org/springframework/boot/spring-boot-starter-data-mongodb/1.5.18.RELEASE/spring-boot-starter-data-mongodb-1.5.18.RELEASE.jar:/home/rickykennedy/.m2/repository/org/springframework/boot/spring-boot-starter/1.5.18.RELEASE/spring-boot-starter-1.5.18.RELEASE.jar:/home/rickykennedy/.m2/repository/org/springframework/boot/spring-boot/1.5.18.RELEASE/spring-boot-1.5.18.RELEASE.jar:/home/rickykennedy/.m2/repository/org/springframework/boot/spring-boot-autoconfigure/1.5.18.RELEASE/spring-boot-autoconfigure-1.5.18.RELEASE.jar:/home/rickykennedy/.m2/repository/org/springframework/boot/spring-boot-starter-logging/1.5.18.RELEASE/spring-boot-starter-logging-1.5.18.RELEASE.jar:/home/rickykennedy/.m2/repository/ch/qos/logback/logback-classic/1.1.11/logback-classic-1.1.11.jar:/home/rickykennedy/.m2/repository/ch/qos/logback/logback-core/1.1.11/logback-core-1.1.11.jar:/home/rickykennedy/.m2/repository/org/slf4j/jul-to-slf4j/1.7.25/jul-to-slf4j-1.7.25.jar:/home/rickykennedy/.m2/repository/org/slf4j/log4j-over-slf4j/1.7.25/log4j-over-slf4j-1.7.25.jar:/home/rickykennedy/.m2/repository/org/yaml/snakeyaml/1.17/snakeyaml-1.17.jar:/home/rickykennedy/.m2/repository/org/mongodb/mongodb-driver/3.4.3/mongodb-driver-3.4.3.jar:/home/rickykennedy/.m2/repository/org/mongodb/mongodb-driver-core/3.4.3/mongodb-driver-core-3.4.3.jar:/home/rickykennedy/.m2/repository/org/mongodb/bson/3.4.3/bson-3.4.3.jar:/home/rickykennedy/.m2/repository/org/springframework/data/spring-data-mongodb/1.10.17.RELEASE/spring-data-mongodb-1.10.17.RELEASE.jar:/home/rickykennedy/.m2/repository/org/springframework/spring-tx/4.3.21.RELEASE/spring-tx-4.3.21.RELEASE.jar:/home/rickykennedy/.m2/repository/org/springframework/spring-context/4.3.21.RELEASE/spring-context-4.3.21.RELEASE.jar:/home/rickykennedy/.m2/repository/org/springframework/spring-beans/4.3.21.RELEASE/spring-beans-4.3.21.RELEASE.jar:/home/rickykennedy/.m2/repository/org/springframework/spring-expression/4.3.21.RELEASE/spring-expression-4.3.21.RELEASE.jar:/home/rickykennedy/.m2/repository/o
[...]
j/assertj-core/2.6.0/assertj-core-2.6.0.jar:/home/rickykennedy/.m2/repository/org/mockito/mockito-core/1.10.19/mockito-core-1.10.19.jar:/home/rickykennedy/.m2/repository/org/objenesis/objenesis/2.1/objenesis-2.1.jar:/home/rickykennedy/.m2/repository/org/hamcrest/hamcrest-core/1.3/hamcrest-core-1.3.jar:/home/rickykennedy/.m2/repository/org/hamcrest/hamcrest-library/1.3/hamcrest-library-1.3.jar:/home/rickykennedy/.m2/repository/org/skyscreamer/jsonassert/1.4.0/jsonassert-1.4.0.jar:/home/rickykennedy/.m2/repository/com/vaadin/external/google/android-json/0.0.20131108.vaadin1/android-json-0.0.20131108.vaadin1.jar:/home/rickykennedy/.m2/repository/org/springframework/spring-core/4.3.21.RELEASE/spring-core-4.3.21.RELEASE.jar:/home/rickykennedy/.m2/repository/org/springframework/spring-test/4.3.21.RELEASE/spring-test-4.3.21.RELEASE.jar:/home/rickykennedy/.m2/repository/io/springfox/springfox-swagger2/2.9.2/springfox-swagger2-2.9.2.jar:/home/rickykennedy/.m2/repository/io/swagger/swagger-annotations/1.5.20/swagger-annotations-1.5.20.jar:/home/rickykennedy/.m2/repository/io/swagger/swagger-models/1.5.20/swagger-models-1.5.20.jar:/home/rickykennedy/.m2/repository/io/springfox/springfox-spi/2.9.2/springfox-spi-2.9.2.jar:/home/rickykennedy/.m2/repository/io/springfox/springfox-core/2.9.2/springfox-core-2.9.2.jar:/home/rickykennedy/.m2/repository/net/bytebuddy/byte-buddy/1.8.12/byte-buddy-1.8.12.jar:/home/rickykennedy/.m2/repository/io/springfox/springfox-schema/2.9.2/springfox-schema-2.9.2.jar:/home/rickykennedy/.m2/repository/io/springfox/springfox-swagger-common/2.9.2/springfox-swagger-common-2.9.2.jar:/home/rickykennedy/.m2/repository/io/springfox/springfox-spring-web/2.9.2/springfox-spring-web-2.9.2.jar:/home/rickykennedy/.m2/repository/com/google/guava/guava/20.0/guava-20.0.jar:/home/rickykennedy/.m2/repository/com/fasterxml/classmate/1.3.4/classmate-1.3.4.jar:/home/rickykennedy/.m2/repository/org/slf4j/slf4j-api/1.7.25/slf4j-api-1.7.25.jar:/home/rickykennedy/.m2/repository/org/springframework/plugin/spring-plugin-core/1.2.0.RELEASE/spring-plugin-core-1.2.0.RELEASE.jar:/home/rickykennedy/.m2/repository/org/springframework/plugin/spring-plugin-metadata/1.2.0.RELEASE/spring-plugin-metadata-1.2.0.RELEASE.jar:/home/rickykennedy/.m2/repository/org/mapstruct/mapstruct/1.2.0.Final/mapstruct-1.2.0.Final.jar:/home/rickykennedy/.m2/repository/io/springfox/springfox-swagger-ui/2.9.2/springfox-swagger-ui-2.9.2.jar:, user.name=rickykennedy, java.vm.specification.version=1.8, sun.java.command=/home/rickykennedy/Documents/repo/FUTURE/training_day2/huyu-backend/target/surefire/surefirebooter8878334927775417919.jar /home/rickykennedy/Documents/repo/FUTURE/training_day2/huyu-backend/target/surefire/surefire1160044531286571985tmp /home/rickykennedy/Documents/repo/FUTURE/training_day2/huyu-backend/target/surefire/surefire_07813662122936753777tmp, java.home=/usr/lib/jvm/java-8-oracle/jre, sun.arch.data.model=64, user.language=en, java.specification.vendor=Oracle Corporation, awt.toolkit=sun.awt.X11.XToolkit, java.vm.info=mixed mode, java.version=1.8.0_181, java.ext.dirs=/usr/lib/jvm/java-8-oracle/jre/lib/ext:/usr/java/packages/lib/ext, sun.boot.class.path=/usr/lib/jvm/java-8-oracle/jre/lib/resources.jar:/usr/lib/jvm/java-8-oracle/jre/lib/rt.jar:/usr/lib/jvm/java-8-oracle/jre/lib/sunrsasign.jar:/usr/lib/jvm/java-8-oracle/jre/lib/jsse.jar:/usr/lib/jvm/java-8-oracle/jre/lib/jce.jar:/usr/lib/jvm/java-8-oracle/jre/lib/charsets.jar:/usr/lib/jvm/java-8-oracle/jre/lib/jfr.jar:/usr/lib/jvm/java-8-oracle/jre/classes, java.vendor=Oracle Corporation, localRepository=/home/rickykennedy/.m2/repository, file.separator=/, java.vendor.url.bug=http://bugreport.sun.com/bugreport/, sun.io.unicode.encoding=UnicodeLittle, sun.cpu.endian=little, sun.desktop=gnome, sun.cpu.isalist=}}, SystemEnvironmentPropertySource@1524960486 {name='systemEnvironment', properties={PATH=/home/rickykennedy/anaconda3/bin:/home/rickykennedy/.local/bin:/home/rickykennedy/anaconda3/bin:/home/rickykennedy/.local/bin:/usr/local/sbin:/usr/local/bin:/usr/sbin:/usr/bin:/sbin:/bin:/usr/games:/usr/local/games:/snap/bin:/usr/lib/jvm/java-8-oracle/bin:/usr/lib/jvm/java-8-oracle/db/bin:/usr/lib/jvm/java-8-oracle/jre/bin:/usr/lib/jvm/java-8-oracle/bin:/usr/lib/jvm/java-8-oracle/db/bin:/usr/lib/jvm/java-8-oracle/jre/bin, LC_MEASUREMENT=id_ID.UTF-8, XAUTHORITY=/run/user/1000/gdm/Xauthority, XMODIFIERS=@im=ibus, LC_TELEPHONE=id_ID.UTF-8, XDG_DATA_DIRS=/usr/share/ubuntu:/usr/local/share:/usr/share:/var/lib/snapd/desktop, GDMSESSION=ubuntu, MANDATORY_PATH=/usr/share/gconf/ubuntu.mandatory.path, LC_TIME=id_ID.UTF-8, TEXTDOMAINDIR=/usr/share/locale/, GTK_IM_MODULE=ibus, DBUS_SESSION_BUS_ADDRESS=unix:path=/run/user/1000/bus, DEFAULTS_PATH=/usr/share/gconf/ubuntu.default.path, XDG_CURRENT_DESKTOP=ubuntu:GNOME, SSH_AGENT_PID=2386, QT4_IM_MODULE=xim, LC_PAPER=id_ID.UTF-8, SESSION_MANAGER=local/Kennedy:@/tmp/.ICE-unix/21671,unix/Kennedy:/tmp/.ICE-unix/21671, USERNAME=rickykennedy, LOGNAME=rickykennedy, PWD=/home/rickykennedy/Documents/repo/FUTURE/training_day2/huyu-backend, DERBY_HOME=/usr/lib/jvm/java-8-oracle/db, IM_CONFIG_PHASE=2, S_COLORS=auto, GJS_DEBUG_TOPICS=JS ERROR;JS LOG, SHELL=/bin/bash, LESSOPEN=| /usr/bin/lesspipe %s, LC_ADDRESS=id_ID.UTF-8, GIO_LAUNCHED_DESKTOP_FILE=/usr/share/applications/intellij-idea.desktop, J2SDKDIR=/usr/lib/jvm/java-8-oracle, OLDPWD=/home/rickykennedy/Documents/repo/FUTURE/training_day2/huyu-backend, GNOME_DESKTOP_SESSION_ID=this-is-deprecated, GTK_MODULES=gail:atk-bridge, J2REDIR=/usr/lib/jvm/java-8-oracle/jre, CLUTTER_IM_MODULE=xim, TEXTDOMAIN=im-config, LS_COLORS=rs=0:di=01;34:ln=01;36:mh=00:pi=40;33:so=01;35:do=01;35:bd=40;33;01:cd=40;33;01:or=40;31;01:mi=00:su=37;41:sg=30;43:ca=30;41:tw=30;42:ow=34;42:st=37;44:ex=01;32:*.tar=01;31:*.tgz=01;31:*.arc=01;31:*.arj=01;31:*.taz=01;31:*.lha=01;31:*.lz4=01;31:*.lzh=01;31:*.lzma=01;31:*.tlz=01;31:*.txz=01;31:*.tzo=01;31:*.t7z=01;31:*.zip=01;31:*.z=01;31:*.Z=01;31:*.dz=01;31:*.gz=01;31:*.lrz=01;31:*.lz=01;31:*.lzo=01;31:*.xz=01;31:*.zst=01;31:*.tzst=01;31:*.bz2=01;31:*.bz=01;31:*.tbz=01;31:*.tbz2=01;31:*.tz=01;31:*.deb=01;31:*.rpm=01;31:*.jar=01;31:*.war=01;31:*.ear=01;31:*.sar=01;31:*.rar=01;31:*.alz=01;31:*.ace=01;31:*.zoo=01;31:*.cpio=01;31:*.7z=01;31:*.rz=01;31:*.cab=01;31:*.wim=01;31:*.swm=01;31:*.dwm=01;31:*.esd=01;31:*.jpg=01;35:*.jpeg=01;35:*.mjpg=01;35:*.mjpeg=01;35:*.gif=01;35:*.bmp=01;35:*.pbm=01;35:*.pgm=01;35:*.ppm=01;35:*.tga=01;35:*.xbm=01;35:*.xpm=01;35:*.tif=01;35:*.tiff=01;35:*.png=01;35:*.svg=01;35:*.svgz=01;35:*.mng=01;35:*.pcx=01;35:*.mov=01;35:*.mpg=01;35:*.mpeg=01;35:*.m2v=01;35:*.mkv=01;35:*.webm=01;35:*.ogm=01;35:*.mp4=01;35:*.m4v=01;35:*.mp4v=01;35:*.vob=01;35:*.qt=01;35:*.nuv=01;35:*.wmv=01;35:*.asf=01;35:*.rm=01;35:*.rmvb=01;35:*.flc=01;35:*.avi=01;35:*.fli=01;35:*.flv=01;35:*.gl=01;35:*.dl=01;35:*.xcf=01;35:*.xwd=01;35:*.yuv=01;35:*.cgm=01;35:*.emf=01;35:*.ogv=01;35:*.ogx=01;35:*.aac=00;36:*.au=00;36:*.flac=00;36:*.m4a=00;36:*.mid=00;36:*.midi=00;36:*.mka=00;36:*.mp3=00;36:*.mpc=00;36:*.ogg=00;36:*.ra=00;36:*.wav=00;36:*.oga=00;36:*.opus=00;36:*.spx=00;36:*.xspf=00;36:, XDG_SESSION_DESKTOP=ubuntu, SHLVL=1, LC_IDENTIFICATION=id_ID.UTF-8, LESSCLOSE=/usr/bin/lesspipe %s %s, LC_MONETARY=id_ID.UTF-8, QT_IM_MODULE=xim, JAVA_HOME=/usr/lib/jvm/java-8-oracle, TERM=xterm-256color, XDG_CONFIG_DIRS=/etc/xdg/xdg-ubuntu:/etc/xdg, LANG=en_US.UTF-8, XDG_SESSION_ID=69, XDG_SESSION_TYPE=x11, DISPLAY=:0, LC_NAME=id_ID.UTF-8, MAVEN_CMD_LINE_ARGS= clean install, _=/usr/bin/mvn, GPG_AGENT_INFO=/run/user/1000/gnupg/S.gpg-agent:0:1, MAVEN_PROJECTBASEDIR=/home/rickykennedy/Documents/repo/FUTURE/training_day2/huyu-backend, DESKTOP_SESSION=ubuntu, USER=rickykennedy, XDG_MENU_PREFIX=gnome-, GIO_LAUNCHED_DESKTOP_FILE_PID=22109, QT_ACCESSIBILITY=1, WINDOWPATH=2, LC_NUMERIC=id_ID.UTF-8, GJS_DEBUG_OUTPUT=stderr, SSH_AUTH_SOCK=/run/user/1000/keyring/ssh, XDG_SEAT=seat0, GNOME_SHELL_SESSION_MODE=ubuntu, XDG_VTNR=2, XDG_RUNTIME_DIR=/run/user/1000, HOME=/home/rickykennedy}}]
18:25:50.063 [main] DEBUG org.springframework.core.env.MutablePropertySources - Adding PropertySource 'inline' with highest search precedence
18:25:50.096 [main] DEBUG org.springframework.test.context.support.TestPropertySourceUtils - Adding inlined properties to environment: {spring.jmx.enabled=false, org.springframework.boot.test.context.SpringBootTestContextBootstrapper=true, server.port=-1}
18:25:50.096 [main] DEBUG org.springframework.core.env.StandardEnvironment - Adding PropertySource 'Inlined Test Properties' with highest search precedence

  .   ____          _            __ _ _
 /\\ / ___'_ __ _ _(_)_ __  __ _ \ \ \ \
( ( )\___ | '_ | '_| | '_ \/ _` | \ \ \ \
 \\/  ___)| |_)| | | | | || (_| |  ) ) ) )
  '  |____| .__|_| |_|_| |_\__, | / / / /
 =========|_|==============|___/=/_/_/_/
 :: Spring Boot ::       (v1.5.18.RELEASE)

2019-01-08 18:25:52.130  INFO 27043 --- [           main] c.p.huyu.HuyuApplicationTests            : Starting HuyuApplicationTests on Kennedy with PID 27043 (started by rickykennedy in /home/rickykennedy/Documents/repo/FUTURE/training_day2/huyu-backend)
2019-01-08 18:25:52.132  INFO 27043 --- [           main] c.p.huyu.HuyuApplicationTests            : No active profile set, falling back to default profiles: default
2019-01-08 18:25:52.856  INFO 27043 --- [           main] o.s.w.c.s.GenericWebApplicationContext   : Refreshing org.springframework.web.context.support.GenericWebApplicationContext@693fe6c9: startup date [Tue Jan 08 18:25:52 WIB 2019]; root of context hierarchy
2019-01-08 18:26:29.130  WARN 27043 --- [           main] o.s.w.c.s.GenericWebApplicationContext   : Exception encountered during context initialization - cancelling refresh attempt: org.springframework.beans.factory.UnsatisfiedDependencyException: Error creating bean with name 'userController': Unsatisfied dependency expressed through field 'userService'; nested exception is org.springframework.beans.factory.NoSuchBeanDefinitionException: No qualifying bean of type 'com.practice_day2.huyu.service.UserService' available: expected at least 1 bean which qualifies as autowire candidate. Dependency annotations: {@org.springframework.beans.factory.annotation.Autowired(required=true)}
2019-01-08 18:26:29.181  INFO 27043 --- [           main] utoConfigurationReportLoggingInitializer : 

Error starting ApplicationContext. To display the auto-configuration report re-run your application with 'debug' enabled.
2019-01-08 18:26:30.503 ERROR 27043 --- [           main] o.s.b.d.LoggingFailureAnalysisReporter   : 

***************************
APPLICATION FAILED TO START
***************************

Description:

Field userService in com.practice_day2.huyu.controller.UserController required a bean of type 'com.practice_day2.huyu.service.UserService' that could not be found.


Action:

Consider defining a bean of type 'com.practice_day2.huyu.service.UserService' in your configuration.

2019-01-08 18:26:30.773 ERROR 27043 --- [           main] o.s.test.context.TestContextManager      : Caught exception while allowing TestExecutionListener [org.springframework.test.context.web.ServletTestExecutionListener@51b7e5df] to prepare test instance [com.practice_day2.huyu.HuyuApplicationTests@205b132e]

java.lang.IllegalStateException: Failed to load ApplicationContext
	at org.springframework.test.context.cache.DefaultCacheAwareContextLoaderDelegate.loadContext(DefaultCacheAwareContextLoaderDelegate.java:124) ~[spring-test-4.3.21.RELEASE.jar:4.3.21.RELEASE]
	at org.springframework.test.context.support.DefaultTestContext.getApplicationContext(DefaultTestContext.java:83) ~[spring-test-4.3.21.RELEASE.jar:4.3.21.RELEASE]
	at org.springframework.test.context.web.ServletTestExecutionListener.setUpRequestContextIfNecessary(ServletTestExecutionListener.java:189) ~[spring-test-4.3.21.RELEASE.jar:4.3.21.RELEASE]
	at org.springframework.test.context.web.ServletTestExecutionListener.prepareTestInstance(ServletTestExecutionListener.java:131) ~[spring-test-4.3.21.RELEASE.jar:4.3.21.RELEASE]
	at org.springframework.test.context.TestContextManager.prepareTestInstance(TestContextManager.java:230) ~[spring-test-4.3.21.RELEASE.jar:4.3.21.RELEASE]
	at org.springframework.test.context.junit4.SpringJUnit4ClassRunner.createTest(SpringJUnit4ClassRunner.java:228) [spring-test-4.3.21.RELEASE.jar:4.3.21.RELEASE]
	at org.springframework.test.context.junit4.SpringJUnit4ClassRunner$1.runReflectiveCall(SpringJUnit4ClassRunner.java:287) [spring-test-4.3.21.RELEASE.jar:4.3.21.RELEASE]
	at org.junit.internal.runners.model.ReflectiveCallable.run(ReflectiveCallable.java:12) [junit-4.12.jar:4.12]
	at org.springframework.test.context.junit4.SpringJUnit4ClassRunner.methodBlock(SpringJUnit4ClassRunner.java:289) [spring-test-4.3.21.RELEASE.jar:4.3.21.RELEASE]
	at org.springframework.test.context.junit4.SpringJUnit4ClassRunner.runChild(SpringJUnit4ClassRunner.java:247) [spring-test-4.3.21.RELEASE.jar:4.3.21.RELEASE]
	at org.springframework.test.context.junit4.SpringJUnit4ClassRunner.runChild(SpringJUnit4ClassRunner.java:94) [spring-test-4.3.21.RELEASE.jar:4.3.21.RELEASE]
	at org.junit.runners.ParentRunner$3.run(ParentRunner.java:290) [junit-4.12.jar:4.12]
	at org.junit.runners.ParentRunner$1.schedule(ParentRunner.java:71) [junit-4.12.jar:4.12]
	at org.junit.runners.ParentRunner.runChildren(ParentRunner.java:288) [junit-4.12.jar:4.12]
	at org.junit.runners.ParentRunner.access$000(ParentRunner.java:58) [junit-4.12.jar:4.12]
	at org.junit.runners.ParentRunner$2.evaluate(ParentRunner.java:268) [junit-4.12.jar:4.12]
	at org.springframework.test.context.junit4.statements.RunBeforeTestClassCallbacks.evaluate(RunBeforeTestClassCallbacks.java:61) [spring-test-4.3.21.RELEASE.jar:4.3.21.RELEASE]
	at org.springframework.test.context.junit4.statements.RunAfterTestClassCallbacks.evaluate(RunAfterTestClassCallbacks.java:70) [spring-test-4.3.21.RELEASE.jar:4.3.21.RELEASE]
	at org.junit.runners.ParentRunner.run(ParentRunner.java:363) [junit-4.12.jar:4.12]
	at org.springframework.test.context.junit4.SpringJUnit4ClassRunner.run(SpringJUnit4ClassRunner.java:191) [spring-test-4.3.21.RELEASE.jar:4.3.21.RELEASE]
	at org.apache.maven.surefire.junit4.JUnit4Provider.execute(JUnit4Provider.java:283) [surefire-junit4-2.18.1.jar:2.18.1]
	at org.apache.maven.surefire.junit4.JUnit4Provider.executeWithRerun(JUnit4Provider.java:173) [surefire-junit4-2.18.1.jar:2.18.1]
	at org.apache.maven.surefire.junit4.JUnit4Provider.executeTestSet(JUnit4Provider.java:153) [surefire-junit4-2.18.1.jar:2.18.1]
	at org.apache.maven.surefire.junit4.JUnit4Provider.invoke(JUnit4Provider.java:128) [surefire-junit4-2.18.1.jar:2.18.1]
	at org.apache.maven.surefire.booter.ForkedBooter.invokeProviderInSameClassLoader(ForkedBooter.java:203) [surefire-booter-2.18.1.jar:2.18.1]
	at org.apache.maven.surefire.booter.ForkedBooter.runSuitesInProcess(ForkedBooter.java:155) [surefire-booter-2.18.1.jar:2.18.1]
	at org.apache.maven.surefire.booter.ForkedBooter.main(ForkedBooter.java:103) [surefire-booter-2.18.1.jar:2.18.1]
Caused by: org.springframework.beans.factory.UnsatisfiedDependencyException: Error creating bean with name 'userController': Unsatisfied dependency expressed through field 'userService'; nested exception is org.springframework.beans.factory.NoSuchBeanDefinitionException: No qualifying bean of type 'com.practice_day2.huyu.service.UserService' available: expected at least 1 bean which qualifies as autowire candidate. Dependency annotations: {@org.springframework.beans.factory.annotation.Autowired(required=true)}
	at org.springframework.beans.factory.annotation.AutowiredAnnotationBeanPostProcessor$AutowiredFieldElement.inject(AutowiredAnnotationBeanPostProcessor.java:586) ~[spring-beans-4.3.21.RELEASE.jar:4.3.21.RELEASE]
	at org.springframework.beans.factory.annotation.InjectionMetadata.inject(InjectionMetadata.java:87) ~[spring-beans-4.3.21.RELEASE.jar:4.3.21.RELEASE]
	at org.springframework.beans.factory.annotation.AutowiredAnnotationBeanPostProcessor.postProcessPropertyValues(AutowiredAnnotationBeanPostProcessor.java:364) ~[spring-beans-4.3.21.RELEASE.jar:4.3.21.RELEASE]
	at org.springframework.beans.factory.support.AbstractAutowireCapableBeanFactory.populateBean(AbstractAutowireCapableBeanFactory.java:1269) ~[spring-beans-4.3.21.RELEASE.jar:4.3.21.RELEASE]
	at org.springframework.beans.factory.support.AbstractAutowireCapableBeanFactory.doCreateBean(AbstractAutowireCapableBeanFactory.java:551) ~[spring-beans-4.3.21.RELEASE.jar:4.3.21.RELEASE]
	at org.springframework.beans.factory.support.AbstractAutowireCapableBeanFactory.createBean(AbstractAutowireCapableBeanFactory.java:481) ~[spring-beans-4.3.21.RELEASE.jar:4.3.21.RELEASE]
	at org.springframework.beans.factory.support.AbstractBeanFactory$1.getObject(AbstractBeanFactory.java:312) ~[spring-beans-4.3.21.RELEASE.jar:4.3.21.RELEASE]
	at org.springframework.beans.factory.support.DefaultSingletonBeanRegistry.getSingleton(DefaultSingletonBeanRegistry.java:230) ~[spring-beans-4.3.21.RELEASE.jar:4.3.21.RELEASE]
	at org.springframework.beans.factory.support.AbstractBeanFactory.doGetBean(AbstractBeanFactory.java:308) ~[spring-beans-4.3.21.RELEASE.jar:4.3.21.RELEASE]
	at org.springframework.beans.factory.support.AbstractBeanFactory.getBean(AbstractBeanFactory.java:197) ~[spring-beans-4.3.21.RELEASE.jar:4.3.21.RELEASE]
	at org.springframework.beans.factory.support.DefaultListableBeanFactory.preInstantiateSingletons(DefaultListableBeanFactory.java:761) ~[spring-beans-4.3.21.RELEASE.jar:4.3.21.RELEASE]
	at org.springframework.context.support.AbstractApplicationContext.finishBeanFactoryInitialization(AbstractApplicationContext.java:867) ~[spring-context-4.3.21.RELEASE.jar:4.3.21.RELEASE]
	at org.springframework.context.support.AbstractApplicationContext.refresh(AbstractApplicationContext.java:543) ~[spring-context-4.3.21.RELEASE.jar:4.3.21.RELEASE]
	at org.springframework.boot.SpringApplication.refresh(SpringApplication.java:693) ~[spring-boot-1.5.18.RELEASE.jar:1.5.18.RELEASE]
	at org.springframework.boot.SpringApplication.refreshContext(SpringApplication.java:360) ~[spring-boot-1.5.18.RELEASE.jar:1.5.18.RELEASE]
	at org.springframework.boot.SpringApplication.run(SpringApplication.java:303) ~[spring-boot-1.5.18.RELEASE.jar:1.5.18.RELEASE]
	at org.springframework.boot.test.context.SpringBootContextLoader.loadContext(SpringBootContextLoader.java:121) ~[spring-boot-test-1.5.18.RELEASE.jar:1.5.18.RELEASE]
	at org.springframework.test.context.cache.DefaultCacheAwareContextLoaderDelegate.loadContextInternal(DefaultCacheAwareContextLoaderDelegate.java:98) ~[spring-test-4.3.21.RELEASE.jar:4.3.21.RELEASE]
	at org.springframework.test.context.cache.DefaultCacheAwareContextLoaderDelegate.loadContext(DefaultCacheAwareContextLoaderDelegate.java:116) ~[spring-test-4.3.21.RELEASE.jar:4.3.21.RELEASE]
	... 26 common frames omitted
Caused by: org.springframework.beans.factory.NoSuchBeanDefinitionException: No qualifying bean of type 'com.practice_day2.huyu.service.UserService' available: expected at least 1 bean which qualifies as autowire candidate. Dependency annotations: {@org.springframework.beans.factory.annotation.Autowired(required=true)}
	at org.springframework.beans.factory.support.DefaultListableBeanFactory.raiseNoMatchingBeanFound(DefaultListableBeanFactory.java:1491) ~[spring-beans-4.3.21.RELEASE.jar:4.3.21.RELEASE]
	at org.springframework.beans.factory.support.DefaultListableBeanFactory.doResolveDependency(DefaultListableBeanFactory.java:1102) ~[spring-beans-4.3.21.RELEASE.jar:4.3.21.RELEASE]
	at org.springframework.beans.factory.support.DefaultListableBeanFactory.resolveDependency(DefaultListableBeanFactory.java:1064) ~[spring-beans-4.3.21.RELEASE.jar:4.3.21.RELEASE]
	at org.springframework.beans.factory.annotation.AutowiredAnnotationBeanPostProcessor$AutowiredFieldElement.inject(AutowiredAnnotationBeanPostProcessor.java:583) ~[spring-beans-4.3.21.RELEASE.jar:4.3.21.RELEASE]
	... 44 common frames omitted

]]></system-out>
  </testcase>
</testsuite>